<?xml version="1.0" encoding="UTF-8"?>
<testsuite xmlns:xsi="http://www.w3.org/2001/XMLSchema-instance" xsi:noNamespaceSchemaLocation="https://maven.apache.org/surefire/maven-surefire-plugin/xsd/surefire-test-report.xsd" version="3.0.2" name="com.demo.UnitTests" time="0.467" tests="2" errors="0" skipped="0" failures="0">
  <properties>
[...]
</properties>
  <testcase name="testGetLoadingWindow" classname="com.demo.UnitTests" time="0.135">
    <system-out><![CDATA[Initializing test API repository

ZondeDateTime now with zondeif.of Z2025-12-10T14:00:42.000000001Z
Input Date From: 2025-12-10T00:00:42Z
Input Date to: 2025-12-11T00:00:42Z
Execution : calculateOptimalChargingWindow
End::2025-12-09T00:00Z===2025-12-11T00:00Z:false
End::2025-12-09T00:30Z===2025-12-11T00:00Z:false
End::2025-12-09T01:00Z===2025-12-11T00:00Z:false
End::2025-12-09T01:30Z===2025-12-11T00:00Z:false
End::2025-12-09T02:00Z===2025-12-11T00:00Z:false
End::2025-12-09T02:30Z===2025-12-11T00:00Z:false
End::2025-12-09T03:00Z===2025-12-11T00:00Z:false
End::2025-12-09T03:30Z===2025-12-11T00:00Z:false
End::2025-12-09T04:00Z===2025-12-11T00:00Z:false
End::2025-12-09T04:30Z===2025-12-11T00:00Z:false
End::2025-12-09T05:00Z===2025-12-11T00:00Z:false
End::2025-12-09T05:30Z===2025-12-11T00:00Z:false
End::2025-12-09T06:00Z===2025-12-11T00:00Z:false
End::2025-12-09T06:30Z===2025-12-11T00:00Z:false
End::2025-12-09T07:00Z===2025-12-11T00:00Z:false
End::2025-12-09T07:30Z===2025-12-11T00:00Z:false
End::2025-12-09T08:00Z===2025-12-11T00:00Z:false
End::2025-12-09T08:30Z===2025-12-11T00:00Z:false
End::2025-12-09T09:00Z===2025-12-11T00:00Z:false
End::2025-12-09T09:30Z===2025-12-11T00:00Z:false
End::2025-12-09T10:00Z===2025-12-11T00:00Z:false
End::2025-12-09T10:30Z===2025-12-11T00:00Z:false
End::2025-12-09T11:00Z===2025-12-11T00:00Z:false
End::2025-12-09T11:30Z===2025-12-11T00:00Z:false
End::2025-12-09T12:00Z===2025-12-11T00:00Z:false
End::2025-12-09T12:30Z===2025-12-11T00:00Z:false
End::2025-12-09T13:00Z===2025-12-11T00:00Z:false
End::2025-12-09T13:30Z===2025-12-11T00:00Z:false
End::2025-12-09T14:00Z===2025-12-11T00:00Z:false
End::2025-12-09T14:30Z===2025-12-11T00:00Z:false
End::2025-12-09T15:00Z===2025-12-11T00:00Z:false
End::2025-12-09T15:30Z===2025-12-11T00:00Z:false
End::2025-12-09T16:00Z===2025-12-11T00:00Z:false
End::2025-12-09T16:30Z===2025-12-11T00:00Z:false
End::2025-12-09T17:00Z===2025-12-11T00:00Z:false
End::2025-12-09T17:30Z===2025-12-11T00:00Z:false
End::2025-12-09T18:00Z===2025-12-11T00:00Z:false
End::2025-12-09T18:30Z===2025-12-11T00:00Z:false
End::2025-12-09T19:00Z===2025-12-11T00:00Z:false
End::2025-12-09T19:30Z===2025-12-11T00:00Z:false
End::2025-12-09T20:00Z===2025-12-11T00:00Z:false
End::2025-12-09T20:30Z===2025-12-11T00:00Z:false
End::2025-12-09T21:00Z===2025-12-11T00:00Z:false
End::2025-12-09T21:30Z===2025-12-11T00:00Z:false
End::2025-12-09T22:00Z===2025-12-11T00:00Z:false
End::2025-12-09T22:30Z===2025-12-11T00:00Z:false
End::2025-12-09T23:00Z===2025-12-11T00:00Z:false
End::2025-12-09T23:30Z===2025-12-11T00:00Z:false
End::2025-12-10T00:00Z===2025-12-11T00:00Z:false
Start::48
End::2025-12-10T00:30Z===2025-12-11T00:00Z:false
End::2025-12-10T01:00Z===2025-12-11T00:00Z:false
End::2025-12-10T01:30Z===2025-12-11T00:00Z:false
End::2025-12-10T02:00Z===2025-12-11T00:00Z:false
End::2025-12-10T02:30Z===2025-12-11T00:00Z:false
End::2025-12-10T03:00Z===2025-12-11T00:00Z:false
End::2025-12-10T03:30Z===2025-12-11T00:00Z:false
End::2025-12-10T04:00Z===2025-12-11T00:00Z:false
End::2025-12-10T04:30Z===2025-12-11T00:00Z:false
End::2025-12-10T05:00Z===2025-12-11T00:00Z:false
End::2025-12-10T05:30Z===2025-12-11T00:00Z:false
End::2025-12-10T06:00Z===2025-12-11T00:00Z:false
End::2025-12-10T06:30Z===2025-12-11T00:00Z:false
End::2025-12-10T07:00Z===2025-12-11T00:00Z:false
End::2025-12-10T07:30Z===2025-12-11T00:00Z:false
End::2025-12-10T08:00Z===2025-12-11T00:00Z:false
End::2025-12-10T08:30Z===2025-12-11T00:00Z:false
End::2025-12-10T09:00Z===2025-12-11T00:00Z:false
End::2025-12-10T09:30Z===2025-12-11T00:00Z:false
End::2025-12-10T10:00Z===2025-12-11T00:00Z:false
End::2025-12-10T10:30Z===2025-12-11T00:00Z:false
End::2025-12-10T11:00Z===2025-12-11T00:00Z:false
End::2025-12-10T11:30Z===2025-12-11T00:00Z:false
End::2025-12-10T12:00Z===2025-12-11T00:00Z:false
End::2025-12-10T12:30Z===2025-12-11T00:00Z:false
End::2025-12-10T13:00Z===2025-12-11T00:00Z:false
End::2025-12-10T13:30Z===2025-12-11T00:00Z:false
End::2025-12-10T14:00Z===2025-12-11T00:00Z:false
End::2025-12-10T14:30Z===2025-12-11T00:00Z:false
End::2025-12-10T15:00Z===2025-12-11T00:00Z:false
End::2025-12-10T15:30Z===2025-12-11T00:00Z:false
End::2025-12-10T16:00Z===2025-12-11T00:00Z:false
End::2025-12-10T16:30Z===2025-12-11T00:00Z:false
End::2025-12-10T17:00Z===2025-12-11T00:00Z:false
End::2025-12-10T17:30Z===2025-12-11T00:00Z:false
End::2025-12-10T18:00Z===2025-12-11T00:00Z:false
End::2025-12-10T18:30Z===2025-12-11T00:00Z:false
End::2025-12-10T19:00Z===2025-12-11T00:00Z:false
End::2025-12-10T19:30Z===2025-12-11T00:00Z:false
End::2025-12-10T20:00Z===2025-12-11T00:00Z:false
End::2025-12-10T20:30Z===2025-12-11T00:00Z:false
End::2025-12-10T21:00Z===2025-12-11T00:00Z:false
End::2025-12-10T21:30Z===2025-12-11T00:00Z:false
End::2025-12-10T22:00Z===2025-12-11T00:00Z:false
End::2025-12-10T22:30Z===2025-12-11T00:00Z:false
End::2025-12-10T23:00Z===2025-12-11T00:00Z:false
End::2025-12-10T23:30Z===2025-12-11T00:00Z:false
End::2025-12-11T00:00Z===2025-12-11T00:00Z:true
End::2025-12-11T00:30Z===2025-12-11T00:00Z:false
End::2025-12-11T01:00Z===2025-12-11T00:00Z:false
End::2025-12-11T01:30Z===2025-12-11T00:00Z:false
End::2025-12-11T02:00Z===2025-12-11T00:00Z:false
End::2025-12-11T02:30Z===2025-12-11T00:00Z:false
End::2025-12-11T03:00Z===2025-12-11T00:00Z:false
End::2025-12-11T03:30Z===2025-12-11T00:00Z:false
End::2025-12-11T04:00Z===2025-12-11T00:00Z:false
End::2025-12-11T04:30Z===2025-12-11T00:00Z:false
End::2025-12-11T05:00Z===2025-12-11T00:00Z:false
End::2025-12-11T05:30Z===2025-12-11T00:00Z:false
End::2025-12-11T06:00Z===2025-12-11T00:00Z:false
End::2025-12-11T06:30Z===2025-12-11T00:00Z:false
End::2025-12-11T07:00Z===2025-12-11T00:00Z:false
End::2025-12-11T07:30Z===2025-12-11T00:00Z:false
End::2025-12-11T08:00Z===2025-12-11T00:00Z:false
End::2025-12-11T08:30Z===2025-12-11T00:00Z:false
End::2025-12-11T09:00Z===2025-12-11T00:00Z:false
End::2025-12-11T09:30Z===2025-12-11T00:00Z:false
End::2025-12-11T10:00Z===2025-12-11T00:00Z:false
End::2025-12-11T10:30Z===2025-12-11T00:00Z:false
End::2025-12-11T11:00Z===2025-12-11T00:00Z:false
End::2025-12-11T11:30Z===2025-12-11T00:00Z:false
End::2025-12-11T12:00Z===2025-12-11T00:00Z:false
End::2025-12-11T12:30Z===2025-12-11T00:00Z:false
End::2025-12-11T13:00Z===2025-12-11T00:00Z:false
End::2025-12-11T13:30Z===2025-12-11T00:00Z:false
End::2025-12-11T14:00Z===2025-12-11T00:00Z:false
End::2025-12-11T14:30Z===2025-12-11T00:00Z:false
End::2025-12-11T15:00Z===2025-12-11T00:00Z:false
End::2025-12-11T15:30Z===2025-12-11T00:00Z:false
End::2025-12-11T16:00Z===2025-12-11T00:00Z:false
End::2025-12-11T16:30Z===2025-12-11T00:00Z:false
End::2025-12-11T17:00Z===2025-12-11T00:00Z:false
End::2025-12-11T17:30Z===2025-12-11T00:00Z:false
End::2025-12-11T18:00Z===2025-12-11T00:00Z:false
End::2025-12-11T18:30Z===2025-12-11T00:00Z:false
End::2025-12-11T19:00Z===2025-12-11T00:00Z:false
End::2025-12-11T19:30Z===2025-12-11T00:00Z:false
End::2025-12-11T20:00Z===2025-12-11T00:00Z:false
End::2025-12-11T20:30Z===2025-12-11T00:00Z:false
End::2025-12-11T21:00Z===2025-12-11T00:00Z:false
End::2025-12-11T21:30Z===2025-12-11T00:00Z:false
End::2025-12-11T22:00Z===2025-12-11T00:00Z:false
End::2025-12-11T22:30Z===2025-12-11T00:00Z:false
End::2025-12-11T23:00Z===2025-12-11T00:00Z:false
End::2025-12-11T23:30Z===2025-12-11T00:00Z:false
End::2025-12-12T00:00Z===2025-12-11T00:00Z:false
End::2025-12-12T00:30Z===2025-12-11T00:00Z:false
End::2025-12-12T01:00Z===2025-12-11T00:00Z:false
End::2025-12-12T01:30Z===2025-12-11T00:00Z:false
End::2025-12-12T02:00Z===2025-12-11T00:00Z:false
End::2025-12-12T02:30Z===2025-12-11T00:00Z:false
End::2025-12-12T03:00Z===2025-12-11T00:00Z:false
End::2025-12-12T03:30Z===2025-12-11T00:00Z:false
End::2025-12-12T04:00Z===2025-12-11T00:00Z:false
End::2025-12-12T04:30Z===2025-12-11T00:00Z:false
End::2025-12-12T05:00Z===2025-12-11T00:00Z:false
End::2025-12-12T05:30Z===2025-12-11T00:00Z:false
End::2025-12-12T06:00Z===2025-12-11T00:00Z:false
End::2025-12-12T06:30Z===2025-12-11T00:00Z:false
End::2025-12-12T07:00Z===2025-12-11T00:00Z:false
End::2025-12-12T07:30Z===2025-12-11T00:00Z:false
End::2025-12-12T08:00Z===2025-12-11T00:00Z:false
End::2025-12-12T08:30Z===2025-12-11T00:00Z:false
End::2025-12-12T09:00Z===2025-12-11T00:00Z:false
End::2025-12-12T09:30Z===2025-12-11T00:00Z:false
End::2025-12-12T10:00Z===2025-12-11T00:00Z:false
End::2025-12-12T10:30Z===2025-12-11T00:00Z:false
End::2025-12-12T11:00Z===2025-12-11T00:00Z:false
End::2025-12-12T11:30Z===2025-12-11T00:00Z:false
End::2025-12-12T12:00Z===2025-12-11T00:00Z:false
End::2025-12-12T12:30Z===2025-12-11T00:00Z:false
End::2025-12-12T13:00Z===2025-12-11T00:00Z:false
End::2025-12-12T13:30Z===2025-12-11T00:00Z:false
End::2025-12-12T14:00Z===2025-12-11T00:00Z:false
End::2025-12-12T14:30Z===2025-12-11T00:00Z:false
End::2025-12-12T15:00Z===2025-12-11T00:00Z:false
End::2025-12-12T15:30Z===2025-12-11T00:00Z:false
End::2025-12-12T16:00Z===2025-12-11T00:00Z:false
End::2025-12-12T16:30Z===2025-12-11T00:00Z:false
End::2025-12-12T17:00Z===2025-12-11T00:00Z:false
End::2025-12-12T17:30Z===2025-12-11T00:00Z:false
End::2025-12-12T18:00Z===2025-12-11T00:00Z:false
End::2025-12-12T18:30Z===2025-12-11T00:00Z:false
End::2025-12-12T19:00Z===2025-12-11T00:00Z:false
End::2025-12-12T19:30Z===2025-12-11T00:00Z:false
End::2025-12-12T20:00Z===2025-12-11T00:00Z:false
End::2025-12-12T20:30Z===2025-12-11T00:00Z:false
End::2025-12-12T21:00Z===2025-12-11T00:00Z:false
End::2025-12-12T21:30Z===2025-12-11T00:00Z:false
End::2025-12-12T22:00Z===2025-12-11T00:00Z:false
End::2025-12-12T22:30Z===2025-12-11T00:00Z:false
End::2025-12-12T23:00Z===2025-12-11T00:00Z:false
End::2025-12-12T23:30Z===2025-12-11T00:00Z:false
End::2025-12-13T00:00Z===2025-12-11T00:00Z:false
End::2025-12-13T00:30Z===2025-12-11T00:00Z:false
End::2025-12-13T01:00Z===2025-12-11T00:00Z:false
End::2025-12-13T01:30Z===2025-12-11T00:00Z:false
End::2025-12-13T02:00Z===2025-12-11T00:00Z:false
End::2025-12-13T02:30Z===2025-12-11T00:00Z:false
End::2025-12-13T03:00Z===2025-12-11T00:00Z:false
End::2025-12-13T03:30Z===2025-12-11T00:00Z:false
End::2025-12-13T04:00Z===2025-12-11T00:00Z:false
End::2025-12-13T04:30Z===2025-12-11T00:00Z:false
End::2025-12-13T05:00Z===2025-12-11T00:00Z:false
End::2025-12-13T05:30Z===2025-12-11T00:00Z:false
End::2025-12-13T06:00Z===2025-12-11T00:00Z:false
End::2025-12-13T06:30Z===2025-12-11T00:00Z:false
End::2025-12-13T07:00Z===2025-12-11T00:00Z:false
End::2025-12-13T07:30Z===2025-12-11T00:00Z:false
End::2025-12-13T08:00Z===2025-12-11T00:00Z:false
End::2025-12-13T08:30Z===2025-12-11T00:00Z:false
End::2025-12-13T09:00Z===2025-12-11T00:00Z:false
End::2025-12-13T09:30Z===2025-12-11T00:00Z:false
End::2025-12-13T10:00Z===2025-12-11T00:00Z:false
End::2025-12-13T10:30Z===2025-12-11T00:00Z:false
End::2025-12-13T11:00Z===2025-12-11T00:00Z:false
End::2025-12-13T11:30Z===2025-12-11T00:00Z:false
End::2025-12-13T12:00Z===2025-12-11T00:00Z:false
End::2025-12-13T12:30Z===2025-12-11T00:00Z:false
End::2025-12-13T13:00Z===2025-12-11T00:00Z:false
End::2025-12-13T13:30Z===2025-12-11T00:00Z:false
End::2025-12-13T14:00Z===2025-12-11T00:00Z:false
End::2025-12-13T14:30Z===2025-12-11T00:00Z:false
End::2025-12-13T15:00Z===2025-12-11T00:00Z:false
End::2025-12-13T15:30Z===2025-12-11T00:00Z:false
End::2025-12-13T16:00Z===2025-12-11T00:00Z:false
End::2025-12-13T16:30Z===2025-12-11T00:00Z:false
End::2025-12-13T17:00Z===2025-12-11T00:00Z:false
End::2025-12-13T17:30Z===2025-12-11T00:00Z:false
End::2025-12-13T18:00Z===2025-12-11T00:00Z:false
End::2025-12-13T18:30Z===2025-12-11T00:00Z:false
End::2025-12-13T19:00Z===2025-12-11T00:00Z:false
End::2025-12-13T19:30Z===2025-12-11T00:00Z:false
End::2025-12-13T20:00Z===2025-12-11T00:00Z:false
End::2025-12-13T20:30Z===2025-12-11T00:00Z:false
End::2025-12-13T21:00Z===2025-12-11T00:00Z:false
End::2025-12-13T21:30Z===2025-12-11T00:00Z:false
End::2025-12-13T22:00Z===2025-12-11T00:00Z:false
End::2025-12-13T22:30Z===2025-12-11T00:00Z:false
End::2025-12-13T23:00Z===2025-12-11T00:00Z:false
End::2025-12-13T23:30Z===2025-12-11T00:00Z:false
End::2025-12-14T00:00Z===2025-12-11T00:00Z:false
End::2025-12-14T00:30Z===2025-12-11T00:00Z:false
End::2025-12-14T01:00Z===2025-12-11T00:00Z:false
End::2025-12-14T01:30Z===2025-12-11T00:00Z:false
End::2025-12-14T02:00Z===2025-12-11T00:00Z:false
End::2025-12-14T02:30Z===2025-12-11T00:00Z:false
End::2025-12-14T03:00Z===2025-12-11T00:00Z:false
End::2025-12-14T03:30Z===2025-12-11T00:00Z:false
End::2025-12-14T04:00Z===2025-12-11T00:00Z:false
End::2025-12-14T04:30Z===2025-12-11T00:00Z:false
End::2025-12-14T05:00Z===2025-12-11T00:00Z:false
End::2025-12-14T05:30Z===2025-12-11T00:00Z:false
End::2025-12-14T06:00Z===2025-12-11T00:00Z:false
End::2025-12-14T06:30Z===2025-12-11T00:00Z:false
End::2025-12-14T07:00Z===2025-12-11T00:00Z:false
End::2025-12-14T07:30Z===2025-12-11T00:00Z:false
End::2025-12-14T08:00Z===2025-12-11T00:00Z:false
End::2025-12-14T08:30Z===2025-12-11T00:00Z:false
End::2025-12-14T09:00Z===2025-12-11T00:00Z:false
End::2025-12-14T09:30Z===2025-12-11T00:00Z:false
End::2025-12-14T10:00Z===2025-12-11T00:00Z:false
End::2025-12-14T10:30Z===2025-12-11T00:00Z:false
End::2025-12-14T11:00Z===2025-12-11T00:00Z:false
End::2025-12-14T11:30Z===2025-12-11T00:00Z:false
End::2025-12-14T12:00Z===2025-12-11T00:00Z:false
End::2025-12-14T12:30Z===2025-12-11T00:00Z:false
End::2025-12-14T13:00Z===2025-12-11T00:00Z:false
End::2025-12-14T13:30Z===2025-12-11T00:00Z:false
End::2025-12-14T14:00Z===2025-12-11T00:00Z:false
End::2025-12-14T14:30Z===2025-12-11T00:00Z:false
End::2025-12-14T15:00Z===2025-12-11T00:00Z:false
End::2025-12-14T15:30Z===2025-12-11T00:00Z:false
End::2025-12-14T16:00Z===2025-12-11T00:00Z:false
End::2025-12-14T16:30Z===2025-12-11T00:00Z:false
End::2025-12-14T17:00Z===2025-12-11T00:00Z:false
End::2025-12-14T17:30Z===2025-12-11T00:00Z:false
End::2025-12-14T18:00Z===2025-12-11T00:00Z:false
End::2025-12-14T18:30Z===2025-12-11T00:00Z:false
End::2025-12-14T19:00Z===2025-12-11T00:00Z:false
End::2025-12-14T19:30Z===2025-12-11T00:00Z:false
End::2025-12-14T20:00Z===2025-12-11T00:00Z:false
End::2025-12-14T20:30Z===2025-12-11T00:00Z:false
End::2025-12-14T21:00Z===2025-12-11T00:00Z:false
End::2025-12-14T21:30Z===2025-12-11T00:00Z:false
End::2025-12-14T22:00Z===2025-12-11T00:00Z:false
End::2025-12-14T22:30Z===2025-12-11T00:00Z:false
End::2025-12-14T23:00Z===2025-12-11T00:00Z:false
End::2025-12-14T23:30Z===2025-12-11T00:00Z:false
End::2025-12-15T00:00Z===2025-12-11T00:00Z:false
End::2025-12-15T00:30Z===2025-12-11T00:00Z:false
End::2025-12-15T01:00Z===2025-12-11T00:00Z:false
End::2025-12-15T01:30Z===2025-12-11T00:00Z:false
End::2025-12-15T02:00Z===2025-12-11T00:00Z:false
End::2025-12-15T02:30Z===2025-12-11T00:00Z:false
End::2025-12-15T03:00Z===2025-12-11T00:00Z:false
End::2025-12-15T03:30Z===2025-12-11T00:00Z:false
End::2025-12-15T04:00Z===2025-12-11T00:00Z:false
End::2025-12-15T04:30Z===2025-12-11T00:00Z:false
End::2025-12-15T05:00Z===2025-12-11T00:00Z:false
End::2025-12-15T05:30Z===2025-12-11T00:00Z:false
End::2025-12-15T06:00Z===2025-12-11T00:00Z:false
End::2025-12-15T06:30Z===2025-12-11T00:00Z:false
End::2025-12-15T07:00Z===2025-12-11T00:00Z:false
End::2025-12-15T07:30Z===2025-12-11T00:00Z:false
End::2025-12-15T08:00Z===2025-12-11T00:00Z:false
End::2025-12-15T08:30Z===2025-12-11T00:00Z:false
End::2025-12-15T09:00Z===2025-12-11T00:00Z:false
End::2025-12-15T09:30Z===2025-12-11T00:00Z:false
End::2025-12-15T10:00Z===2025-12-11T00:00Z:false
End::2025-12-15T10:30Z===2025-12-11T00:00Z:false
End::2025-12-15T11:00Z===2025-12-11T00:00Z:false
End::2025-12-15T11:30Z===2025-12-11T00:00Z:false
End::2025-12-15T12:00Z===2025-12-11T00:00Z:false
End::2025-12-15T12:30Z===2025-12-11T00:00Z:false
End::2025-12-15T13:00Z===2025-12-11T00:00Z:false
End::2025-12-15T13:30Z===2025-12-11T00:00Z:false
End::2025-12-15T14:00Z===2025-12-11T00:00Z:false
End::2025-12-15T14:30Z===2025-12-11T00:00Z:false
End::2025-12-15T15:00Z===2025-12-11T00:00Z:false
End::2025-12-15T15:30Z===2025-12-11T00:00Z:false
End::2025-12-15T16:00Z===2025-12-11T00:00Z:false
End::2025-12-15T16:30Z===2025-12-11T00:00Z:false
End::2025-12-15T17:00Z===2025-12-11T00:00Z:false
End::2025-12-15T17:30Z===2025-12-11T00:00Z:false
End::2025-12-15T18:00Z===2025-12-11T00:00Z:false
End::2025-12-15T18:30Z===2025-12-11T00:00Z:false
End::2025-12-15T19:00Z===2025-12-11T00:00Z:false
End::2025-12-15T19:30Z===2025-12-11T00:00Z:false
End::2025-12-15T20:00Z===2025-12-11T00:00Z:false
End::2025-12-15T20:30Z===2025-12-11T00:00Z:false
End::2025-12-15T21:00Z===2025-12-11T00:00Z:false
End::2025-12-15T21:30Z===2025-12-11T00:00Z:false
End::2025-12-15T22:00Z===2025-12-11T00:00Z:false
End::2025-12-15T22:30Z===2025-12-11T00:00Z:false
End::2025-12-15T23:00Z===2025-12-11T00:00Z:false
End::2025-12-15T23:30Z===2025-12-11T00:00Z:false
End::2025-12-16T00:00Z===2025-12-11T00:00Z:false
End::2025-12-16T00:30Z===2025-12-11T00:00Z:false
End::2025-12-16T01:00Z===2025-12-11T00:00Z:false
End::2025-12-16T01:30Z===2025-12-11T00:00Z:false
End::2025-12-16T02:00Z===2025-12-11T00:00Z:false
End::2025-12-16T02:30Z===2025-12-11T00:00Z:false
End::2025-12-16T03:00Z===2025-12-11T00:00Z:false
End::2025-12-16T03:30Z===2025-12-11T00:00Z:false
End::2025-12-16T04:00Z===2025-12-11T00:00Z:false
End::2025-12-16T04:30Z===2025-12-11T00:00Z:false
End::2025-12-16T05:00Z===2025-12-11T00:00Z:false
End::2025-12-16T05:30Z===2025-12-11T00:00Z:false
End::2025-12-16T06:00Z===2025-12-11T00:00Z:false
End::2025-12-16T06:30Z===2025-12-11T00:00Z:false
End::2025-12-16T07:00Z===2025-12-11T00:00Z:false
End::2025-12-16T07:30Z===2025-12-11T00:00Z:false
End::2025-12-16T08:00Z===2025-12-11T00:00Z:false
End::2025-12-16T08:30Z===2025-12-11T00:00Z:false
End::2025-12-16T09:00Z===2025-12-11T00:00Z:false
End::2025-12-16T09:30Z===2025-12-11T00:00Z:false
End::2025-12-16T10:00Z===2025-12-11T00:00Z:false
End::2025-12-16T10:30Z===2025-12-11T00:00Z:false
End::2025-12-16T11:00Z===2025-12-11T00:00Z:false
End::2025-12-16T11:30Z===2025-12-11T00:00Z:false
End::2025-12-16T12:00Z===2025-12-11T00:00Z:false
End::2025-12-16T12:30Z===2025-12-11T00:00Z:false
End::2025-12-16T13:00Z===2025-12-11T00:00Z:false
End::2025-12-16T13:30Z===2025-12-11T00:00Z:false
End::2025-12-16T14:00Z===2025-12-11T00:00Z:false
End::2025-12-16T14:30Z===2025-12-11T00:00Z:false
End::2025-12-16T15:00Z===2025-12-11T00:00Z:false
End::2025-12-16T15:30Z===2025-12-11T00:00Z:false
End::2025-12-16T16:00Z===2025-12-11T00:00Z:false
End::2025-12-16T16:30Z===2025-12-11T00:00Z:false
End::2025-12-16T17:00Z===2025-12-11T00:00Z:false
End::2025-12-16T17:30Z===2025-12-11T00:00Z:false
End::2025-12-16T18:00Z===2025-12-11T00:00Z:false
End::2025-12-16T18:30Z===2025-12-11T00:00Z:false
End::2025-12-16T19:00Z===2025-12-11T00:00Z:false
End::2025-12-16T19:30Z===2025-12-11T00:00Z:false
End::2025-12-16T20:00Z===2025-12-11T00:00Z:false
End::2025-12-16T20:30Z===2025-12-11T00:00Z:false
End::2025-12-16T21:00Z===2025-12-11T00:00Z:false
End::2025-12-16T21:30Z===2025-12-11T00:00Z:false
End::2025-12-16T22:00Z===2025-12-11T00:00Z:false
End::2025-12-16T22:30Z===2025-12-11T00:00Z:false
End::2025-12-16T23:00Z===2025-12-11T00:00Z:false
End::2025-12-16T23:30Z===2025-12-11T00:00Z:false
End::2025-12-17T00:00Z===2025-12-11T00:00Z:false
End::2025-12-17T00:30Z===2025-12-11T00:00Z:false
End::2025-12-17T01:00Z===2025-12-11T00:00Z:false
End::2025-12-17T01:30Z===2025-12-11T00:00Z:false
End::2025-12-17T02:00Z===2025-12-11T00:00Z:false
End::2025-12-17T02:30Z===2025-12-11T00:00Z:false
End::2025-12-17T03:00Z===2025-12-11T00:00Z:false
End::2025-12-17T03:30Z===2025-12-11T00:00Z:false
End::2025-12-17T04:00Z===2025-12-11T00:00Z:false
End::2025-12-17T04:30Z===2025-12-11T00:00Z:false
End::2025-12-17T05:00Z===2025-12-11T00:00Z:false
End::2025-12-17T05:30Z===2025-12-11T00:00Z:false
End::2025-12-17T06:00Z===2025-12-11T00:00Z:false
End::2025-12-17T06:30Z===2025-12-11T00:00Z:false
End::2025-12-17T07:00Z===2025-12-11T00:00Z:false
End::2025-12-17T07:30Z===2025-12-11T00:00Z:false
End::2025-12-17T08:00Z===2025-12-11T00:00Z:false
End::2025-12-17T08:30Z===2025-12-11T00:00Z:false
End::2025-12-17T09:00Z===2025-12-11T00:00Z:false
End::2025-12-17T09:30Z===2025-12-11T00:00Z:false
End::2025-12-17T10:00Z===2025-12-11T00:00Z:false
End::2025-12-17T10:30Z===2025-12-11T00:00Z:false
End::2025-12-17T11:00Z===2025-12-11T00:00Z:false
End::2025-12-17T11:30Z===2025-12-11T00:00Z:false
End::2025-12-17T12:00Z===2025-12-11T00:00Z:false
End::2025-12-17T12:30Z===2025-12-11T00:00Z:false
End::2025-12-17T13:00Z===2025-12-11T00:00Z:false
End::2025-12-17T13:30Z===2025-12-11T00:00Z:false
End::2025-12-17T14:00Z===2025-12-11T00:00Z:false
End::2025-12-17T14:30Z===2025-12-11T00:00Z:false
End::2025-12-17T15:00Z===2025-12-11T00:00Z:false
End::2025-12-17T15:30Z===2025-12-11T00:00Z:false
End::2025-12-17T16:00Z===2025-12-11T00:00Z:false
End::2025-12-17T16:30Z===2025-12-11T00:00Z:false
End::2025-12-17T17:00Z===2025-12-11T00:00Z:false
End::2025-12-17T17:30Z===2025-12-11T00:00Z:false
End::2025-12-17T18:00Z===2025-12-11T00:00Z:false
End::2025-12-17T18:30Z===2025-12-11T00:00Z:false
End::2025-12-17T19:00Z===2025-12-11T00:00Z:false
End::2025-12-17T19:30Z===2025-12-11T00:00Z:false
End::2025-12-17T20:00Z===2025-12-11T00:00Z:false
End::2025-12-17T20:30Z===2025-12-11T00:00Z:false
End::2025-12-17T21:00Z===2025-12-11T00:00Z:false
End::2025-12-17T21:30Z===2025-12-11T00:00Z:false
End::2025-12-17T22:00Z===2025-12-11T00:00Z:false
End::2025-12-17T22:30Z===2025-12-11T00:00Z:false
End::2025-12-17T23:00Z===2025-12-11T00:00Z:false
End::2025-12-17T23:30Z===2025-12-11T00:00Z:false
End::2025-12-18T00:00Z===2025-12-11T00:00Z:false
End::2025-12-18T00:30Z===2025-12-11T00:00Z:false
End::2025-12-18T01:00Z===2025-12-11T00:00Z:false
End::2025-12-18T01:30Z===2025-12-11T00:00Z:false
End::2025-12-18T02:00Z===2025-12-11T00:00Z:false
End::2025-12-18T02:30Z===2025-12-11T00:00Z:false
End::2025-12-18T03:00Z===2025-12-11T00:00Z:false
End::2025-12-18T03:30Z===2025-12-11T00:00Z:false
End::2025-12-18T04:00Z===2025-12-11T00:00Z:false
End::2025-12-18T04:30Z===2025-12-11T00:00Z:false
End::2025-12-18T05:00Z===2025-12-11T00:00Z:false
End::2025-12-18T05:30Z===2025-12-11T00:00Z:false
End::2025-12-18T06:00Z===2025-12-11T00:00Z:false
End::2025-12-18T06:30Z===2025-12-11T00:00Z:false
End::2025-12-18T07:00Z===2025-12-11T00:00Z:false
End::2025-12-18T07:30Z===2025-12-11T00:00Z:false
End::2025-12-18T08:00Z===2025-12-11T00:00Z:false
End::2025-12-18T08:30Z===2025-12-11T00:00Z:false
End::2025-12-18T09:00Z===2025-12-11T00:00Z:false
End::2025-12-18T09:30Z===2025-12-11T00:00Z:false
End::2025-12-18T10:00Z===2025-12-11T00:00Z:false
End::2025-12-18T10:30Z===2025-12-11T00:00Z:false
End::2025-12-18T11:00Z===2025-12-11T00:00Z:false
End::2025-12-18T11:30Z===2025-12-11T00:00Z:false
End::2025-12-18T12:00Z===2025-12-11T00:00Z:false
End::2025-12-18T12:30Z===2025-12-11T00:00Z:false
End::2025-12-18T13:00Z===2025-12-11T00:00Z:false
End::2025-12-18T13:30Z===2025-12-11T00:00Z:false
End::2025-12-18T14:00Z===2025-12-11T00:00Z:false
End::2025-12-18T14:30Z===2025-12-11T00:00Z:false
End::2025-12-18T15:00Z===2025-12-11T00:00Z:false
End::2025-12-18T15:30Z===2025-12-11T00:00Z:false
End::2025-12-18T16:00Z===2025-12-11T00:00Z:false
End::2025-12-18T16:30Z===2025-12-11T00:00Z:false
End::2025-12-18T17:00Z===2025-12-11T00:00Z:false
End::2025-12-18T17:30Z===2025-12-11T00:00Z:false
End::2025-12-18T18:00Z===2025-12-11T00:00Z:false
End::2025-12-18T18:30Z===2025-12-11T00:00Z:false
End::2025-12-18T19:00Z===2025-12-11T00:00Z:false
End::2025-12-18T19:30Z===2025-12-11T00:00Z:false
End::2025-12-18T20:00Z===2025-12-11T00:00Z:false
End::2025-12-18T20:30Z===2025-12-11T00:00Z:false
End::2025-12-18T21:00Z===2025-12-11T00:00Z:false
End::2025-12-18T21:30Z===2025-12-11T00:00Z:false
End::2025-12-18T22:00Z===2025-12-11T00:00Z:false
End::2025-12-18T22:30Z===2025-12-11T00:00Z:false
End::2025-12-18T23:00Z===2025-12-11T00:00Z:false
End::2025-12-18T23:30Z===2025-12-11T00:00Z:false
End::2025-12-19T00:00Z===2025-12-11T00:00Z:false
End::2025-12-19T00:30Z===2025-12-11T00:00Z:false
End::2025-12-19T01:00Z===2025-12-11T00:00Z:false
End::2025-12-19T01:30Z===2025-12-11T00:00Z:false
End::2025-12-19T02:00Z===2025-12-11T00:00Z:false
End::2025-12-19T02:30Z===2025-12-11T00:00Z:false
End::2025-12-19T03:00Z===2025-12-11T00:00Z:false
End::2025-12-19T03:30Z===2025-12-11T00:00Z:false
End::2025-12-19T04:00Z===2025-12-11T00:00Z:false
End::2025-12-19T04:30Z===2025-12-11T00:00Z:false
End::2025-12-19T05:00Z===2025-12-11T00:00Z:false
End::2025-12-19T05:30Z===2025-12-11T00:00Z:false
End::2025-12-19T06:00Z===2025-12-11T00:00Z:false
End::2025-12-19T06:30Z===2025-12-11T00:00Z:false
End::2025-12-19T07:00Z===2025-12-11T00:00Z:false
End::2025-12-19T07:30Z===2025-12-11T00:00Z:false
End::2025-12-19T08:00Z===2025-12-11T00:00Z:false
End::2025-12-19T08:30Z===2025-12-11T00:00Z:false
End::2025-12-19T09:00Z===2025-12-11T00:00Z:false
End::2025-12-19T09:30Z===2025-12-11T00:00Z:false
End::2025-12-19T10:00Z===2025-12-11T00:00Z:false
End::2025-12-19T10:30Z===2025-12-11T00:00Z:false
End::2025-12-19T11:00Z===2025-12-11T00:00Z:false
End::2025-12-19T11:30Z===2025-12-11T00:00Z:false
End::2025-12-19T12:00Z===2025-12-11T00:00Z:false
End::2025-12-19T12:30Z===2025-12-11T00:00Z:false
End::2025-12-19T13:00Z===2025-12-11T00:00Z:false
End::2025-12-19T13:30Z===2025-12-11T00:00Z:false
End::2025-12-19T14:00Z===2025-12-11T00:00Z:false
End::2025-12-19T14:30Z===2025-12-11T00:00Z:false
End::2025-12-19T15:00Z===2025-12-11T00:00Z:false
End::2025-12-19T15:30Z===2025-12-11T00:00Z:false
End::2025-12-19T16:00Z===2025-12-11T00:00Z:false
End::2025-12-19T16:30Z===2025-12-11T00:00Z:false
End::2025-12-19T17:00Z===2025-12-11T00:00Z:false
End::2025-12-19T17:30Z===2025-12-11T00:00Z:false
End::2025-12-19T18:00Z===2025-12-11T00:00Z:false
End::2025-12-19T18:30Z===2025-12-11T00:00Z:false
End::2025-12-19T19:00Z===2025-12-11T00:00Z:false
End::2025-12-19T19:30Z===2025-12-11T00:00Z:false
End::2025-12-19T20:00Z===2025-12-11T00:00Z:false
End::2025-12-19T20:30Z===2025-12-11T00:00Z:false
End::2025-12-19T21:00Z===2025-12-11T00:00Z:false
End::2025-12-19T21:30Z===2025-12-11T00:00Z:false
End::2025-12-19T22:00Z===2025-12-11T00:00Z:false
End::2025-12-19T22:30Z===2025-12-11T00:00Z:false
End::2025-12-19T23:00Z===2025-12-11T00:00Z:false
End::2025-12-19T23:30Z===2025-12-11T00:00Z:false
End::2025-12-20T00:00Z===2025-12-11T00:00Z:false
End::2025-12-20T00:30Z===2025-12-11T00:00Z:false
End::2025-12-20T01:00Z===2025-12-11T00:00Z:false
End::2025-12-20T01:30Z===2025-12-11T00:00Z:false
End::2025-12-20T02:00Z===2025-12-11T00:00Z:false
End::2025-12-20T02:30Z===2025-12-11T00:00Z:false
End::2025-12-20T03:00Z===2025-12-11T00:00Z:false
End::2025-12-20T03:30Z===2025-12-11T00:00Z:false
End::2025-12-20T04:00Z===2025-12-11T00:00Z:false
End::2025-12-20T04:30Z===2025-12-11T00:00Z:false
End::2025-12-20T05:00Z===2025-12-11T00:00Z:false
End::2025-12-20T05:30Z===2025-12-11T00:00Z:false
End::2025-12-20T06:00Z===2025-12-11T00:00Z:false
End::2025-12-20T06:30Z===2025-12-11T00:00Z:false
End::2025-12-20T07:00Z===2025-12-11T00:00Z:false
End::2025-12-20T07:30Z===2025-12-11T00:00Z:false
End::2025-12-20T08:00Z===2025-12-11T00:00Z:false
End::2025-12-20T08:30Z===2025-12-11T00:00Z:false
End::2025-12-20T09:00Z===2025-12-11T00:00Z:false
End::2025-12-20T09:30Z===2025-12-11T00:00Z:false
End::2025-12-20T10:00Z===2025-12-11T00:00Z:false
End::2025-12-20T10:30Z===2025-12-11T00:00Z:false
End::2025-12-20T11:00Z===2025-12-11T00:00Z:false
End::2025-12-20T11:30Z===2025-12-11T00:00Z:false
End::2025-12-20T12:00Z===2025-12-11T00:00Z:false
End::2025-12-20T12:30Z===2025-12-11T00:00Z:false
End::2025-12-20T13:00Z===2025-12-11T00:00Z:false
End::2025-12-20T13:30Z===2025-12-11T00:00Z:false
End::2025-12-20T14:00Z===2025-12-11T00:00Z:false
End::2025-12-20T14:30Z===2025-12-11T00:00Z:false
End::2025-12-20T15:00Z===2025-12-11T00:00Z:false
End::2025-12-20T15:30Z===2025-12-11T00:00Z:false
End::2025-12-20T16:00Z===2025-12-11T00:00Z:false
End::2025-12-20T16:30Z===2025-12-11T00:00Z:false
End::2025-12-20T17:00Z===2025-12-11T00:00Z:false
End::2025-12-20T17:30Z===2025-12-11T00:00Z:false
End::2025-12-20T18:00Z===2025-12-11T00:00Z:false
End::2025-12-20T18:30Z===2025-12-11T00:00Z:false
End::2025-12-20T19:00Z===2025-12-11T00:00Z:false
End::2025-12-20T19:30Z===2025-12-11T00:00Z:false
End::2025-12-20T20:00Z===2025-12-11T00:00Z:false
End::2025-12-20T20:30Z===2025-12-11T00:00Z:false
End::2025-12-20T21:00Z===2025-12-11T00:00Z:false
End::2025-12-20T21:30Z===2025-12-11T00:00Z:false
End::2025-12-20T22:00Z===2025-12-11T00:00Z:false
End::2025-12-20T22:30Z===2025-12-11T00:00Z:false
End::2025-12-20T23:00Z===2025-12-11T00:00Z:false
End::2025-12-20T23:30Z===2025-12-11T00:00Z:false
End::2025-12-21T00:00Z===2025-12-11T00:00Z:false
End::2025-12-21T00:30Z===2025-12-11T00:00Z:false
End::2025-12-21T01:00Z===2025-12-11T00:00Z:false
End::2025-12-21T01:30Z===2025-12-11T00:00Z:false
End::2025-12-21T02:00Z===2025-12-11T00:00Z:false
End::2025-12-21T02:30Z===2025-12-11T00:00Z:false
End::2025-12-21T03:00Z===2025-12-11T00:00Z:false
End::2025-12-21T03:30Z===2025-12-11T00:00Z:false
End::2025-12-21T04:00Z===2025-12-11T00:00Z:false
End::2025-12-21T04:30Z===2025-12-11T00:00Z:false
End::2025-12-21T05:00Z===2025-12-11T00:00Z:false
End::2025-12-21T05:30Z===2025-12-11T00:00Z:false
End::2025-12-21T06:00Z===2025-12-11T00:00Z:false
End::2025-12-21T06:30Z===2025-12-11T00:00Z:false
End::2025-12-21T07:00Z===2025-12-11T00:00Z:false
End::2025-12-21T07:30Z===2025-12-11T00:00Z:false
End::2025-12-21T08:00Z===2025-12-11T00:00Z:false
End::2025-12-21T08:30Z===2025-12-11T00:00Z:false
End::2025-12-21T09:00Z===2025-12-11T00:00Z:false
End::2025-12-21T09:30Z===2025-12-11T00:00Z:false
End::2025-12-21T10:00Z===2025-12-11T00:00Z:false
End::2025-12-21T10:30Z===2025-12-11T00:00Z:false
End::2025-12-21T11:00Z===2025-12-11T00:00Z:false
End::2025-12-21T11:30Z===2025-12-11T00:00Z:false
End::2025-12-21T12:00Z===2025-12-11T00:00Z:false
End::2025-12-21T12:30Z===2025-12-11T00:00Z:false
End::2025-12-21T13:00Z===2025-12-11T00:00Z:false
End::2025-12-21T13:30Z===2025-12-11T00:00Z:false
End::2025-12-21T14:00Z===2025-12-11T00:00Z:false
End::2025-12-21T14:30Z===2025-12-11T00:00Z:false
End::2025-12-21T15:00Z===2025-12-11T00:00Z:false
End::2025-12-21T15:30Z===2025-12-11T00:00Z:false
End::2025-12-21T16:00Z===2025-12-11T00:00Z:false
End::2025-12-21T16:30Z===2025-12-11T00:00Z:false
End::2025-12-21T17:00Z===2025-12-11T00:00Z:false
End::2025-12-21T17:30Z===2025-12-11T00:00Z:false
End::2025-12-21T18:00Z===2025-12-11T00:00Z:false
End::2025-12-21T18:30Z===2025-12-11T00:00Z:false
End::2025-12-21T19:00Z===2025-12-11T00:00Z:false
End::2025-12-21T19:30Z===2025-12-11T00:00Z:false
End::2025-12-21T20:00Z===2025-12-11T00:00Z:false
End::2025-12-21T20:30Z===2025-12-11T00:00Z:false
End::2025-12-21T21:00Z===2025-12-11T00:00Z:false
End::2025-12-21T21:30Z===2025-12-11T00:00Z:false
End::2025-12-21T22:00Z===2025-12-11T00:00Z:false
End::2025-12-21T22:30Z===2025-12-11T00:00Z:false
End::2025-12-21T23:00Z===2025-12-11T00:00Z:false
End::2025-12-21T23:30Z===2025-12-11T00:00Z:false
End::2025-12-22T00:00Z===2025-12-11T00:00Z:false
End::2025-12-22T00:30Z===2025-12-11T00:00Z:false
End::2025-12-22T01:00Z===2025-12-11T00:00Z:false
End::2025-12-22T01:30Z===2025-12-11T00:00Z:false
End::2025-12-22T02:00Z===2025-12-11T00:00Z:false
End::2025-12-22T02:30Z===2025-12-11T00:00Z:false
End::2025-12-22T03:00Z===2025-12-11T00:00Z:false
End::2025-12-22T03:30Z===2025-12-11T00:00Z:false
End::2025-12-22T04:00Z===2025-12-11T00:00Z:false
End::2025-12-22T04:30Z===2025-12-11T00:00Z:false
End::2025-12-22T05:00Z===2025-12-11T00:00Z:false
End::2025-12-22T05:30Z===2025-12-11T00:00Z:false
End::2025-12-22T06:00Z===2025-12-11T00:00Z:false
End::2025-12-22T06:30Z===2025-12-11T00:00Z:false
End::2025-12-22T07:00Z===2025-12-11T00:00Z:false
End::2025-12-22T07:30Z===2025-12-11T00:00Z:false
End::2025-12-22T08:00Z===2025-12-11T00:00Z:false
End::2025-12-22T08:30Z===2025-12-11T00:00Z:false
End::2025-12-22T09:00Z===2025-12-11T00:00Z:false
End::2025-12-22T09:30Z===2025-12-11T00:00Z:false
End::2025-12-22T10:00Z===2025-12-11T00:00Z:false
End::2025-12-22T10:30Z===2025-12-11T00:00Z:false
End::2025-12-22T11:00Z===2025-12-11T00:00Z:false
End::2025-12-22T11:30Z===2025-12-11T00:00Z:false
End::2025-12-22T12:00Z===2025-12-11T00:00Z:false
End::2025-12-22T12:30Z===2025-12-11T00:00Z:false
End::2025-12-22T13:00Z===2025-12-11T00:00Z:false
End::2025-12-22T13:30Z===2025-12-11T00:00Z:false
End::2025-12-22T14:00Z===2025-12-11T00:00Z:false
End::2025-12-22T14:30Z===2025-12-11T00:00Z:false
End::2025-12-22T15:00Z===2025-12-11T00:00Z:false
End::2025-12-22T15:30Z===2025-12-11T00:00Z:false
End::2025-12-22T16:00Z===2025-12-11T00:00Z:false
End::2025-12-22T16:30Z===2025-12-11T00:00Z:false
End::2025-12-22T17:00Z===2025-12-11T00:00Z:false
End::2025-12-22T17:30Z===2025-12-11T00:00Z:false
End::2025-12-22T18:00Z===2025-12-11T00:00Z:false
End::2025-12-22T18:30Z===2025-12-11T00:00Z:false
End::2025-12-22T19:00Z===2025-12-11T00:00Z:false
End::2025-12-22T19:30Z===2025-12-11T00:00Z:false
End::2025-12-22T20:00Z===2025-12-11T00:00Z:false
End::2025-12-22T20:30Z===2025-12-11T00:00Z:false
End::2025-12-22T21:00Z===2025-12-11T00:00Z:false
End::2025-12-22T21:30Z===2025-12-11T00:00Z:false
End::2025-12-22T22:00Z===2025-12-11T00:00Z:false
End::2025-12-22T22:30Z===2025-12-11T00:00Z:false
End::2025-12-22T23:00Z===2025-12-11T00:00Z:false
End::2025-12-22T23:30Z===2025-12-11T00:00Z:false
End::2025-12-23T00:00Z===2025-12-11T00:00Z:false
End::2025-12-23T00:30Z===2025-12-11T00:00Z:false
End::2025-12-23T01:00Z===2025-12-11T00:00Z:false
End::2025-12-23T01:30Z===2025-12-11T00:00Z:false
End::2025-12-23T02:00Z===2025-12-11T00:00Z:false
End::2025-12-23T02:30Z===2025-12-11T00:00Z:false
End::2025-12-23T03:00Z===2025-12-11T00:00Z:false
End::2025-12-23T03:30Z===2025-12-11T00:00Z:false
End::2025-12-23T04:00Z===2025-12-11T00:00Z:false
End::2025-12-23T04:30Z===2025-12-11T00:00Z:false
End::2025-12-23T05:00Z===2025-12-11T00:00Z:false
End::2025-12-23T05:30Z===2025-12-11T00:00Z:false
End::2025-12-23T06:00Z===2025-12-11T00:00Z:false
End::2025-12-23T06:30Z===2025-12-11T00:00Z:false
End::2025-12-23T07:00Z===2025-12-11T00:00Z:false
End::2025-12-23T07:30Z===2025-12-11T00:00Z:false
End::2025-12-23T08:00Z===2025-12-11T00:00Z:false
End::2025-12-23T08:30Z===2025-12-11T00:00Z:false
End::2025-12-23T09:00Z===2025-12-11T00:00Z:false
End::2025-12-23T09:30Z===2025-12-11T00:00Z:false
End::2025-12-23T10:00Z===2025-12-11T00:00Z:false
End::2025-12-23T10:30Z===2025-12-11T00:00Z:false
End::2025-12-23T11:00Z===2025-12-11T00:00Z:false
End::2025-12-23T11:30Z===2025-12-11T00:00Z:false
End::2025-12-23T12:00Z===2025-12-11T00:00Z:false
End::2025-12-23T12:30Z===2025-12-11T00:00Z:false
End::2025-12-23T13:00Z===2025-12-11T00:00Z:false
End::2025-12-23T13:30Z===2025-12-11T00:00Z:false
End::2025-12-23T14:00Z===2025-12-11T00:00Z:false
End::2025-12-23T14:30Z===2025-12-11T00:00Z:false
End::2025-12-23T15:00Z===2025-12-11T00:00Z:false
End::2025-12-23T15:30Z===2025-12-11T00:00Z:false
End::2025-12-23T16:00Z===2025-12-11T00:00Z:false
End::2025-12-23T16:30Z===2025-12-11T00:00Z:false
End::2025-12-23T17:00Z===2025-12-11T00:00Z:false
End::2025-12-23T17:30Z===2025-12-11T00:00Z:false
End::2025-12-23T18:00Z===2025-12-11T00:00Z:false
End::2025-12-23T18:30Z===2025-12-11T00:00Z:false
End::2025-12-23T19:00Z===2025-12-11T00:00Z:false
End::2025-12-23T19:30Z===2025-12-11T00:00Z:false
End::2025-12-23T20:00Z===2025-12-11T00:00Z:false
End::2025-12-23T20:30Z===2025-12-11T00:00Z:false
End::2025-12-23T21:00Z===2025-12-11T00:00Z:false
End::2025-12-23T21:30Z===2025-12-11T00:00Z:false
End::2025-12-23T22:00Z===2025-12-11T00:00Z:false
End::2025-12-23T22:30Z===2025-12-11T00:00Z:false
End::2025-12-23T23:00Z===2025-12-11T00:00Z:false
End::2025-12-23T23:30Z===2025-12-11T00:00Z:false
End::2025-12-24T00:00Z===2025-12-11T00:00Z:false
End::2025-12-24T00:30Z===2025-12-11T00:00Z:false
End::2025-12-24T01:00Z===2025-12-11T00:00Z:false
End::2025-12-24T01:30Z===2025-12-11T00:00Z:false
End::2025-12-24T02:00Z===2025-12-11T00:00Z:false
End::2025-12-24T02:30Z===2025-12-11T00:00Z:false
End::2025-12-24T03:00Z===2025-12-11T00:00Z:false
End::2025-12-24T03:30Z===2025-12-11T00:00Z:false
End::2025-12-24T04:00Z===2025-12-11T00:00Z:false
End::2025-12-24T04:30Z===2025-12-11T00:00Z:false
End::2025-12-24T05:00Z===2025-12-11T00:00Z:false
End::2025-12-24T05:30Z===2025-12-11T00:00Z:false
End::2025-12-24T06:00Z===2025-12-11T00:00Z:false
End::2025-12-24T06:30Z===2025-12-11T00:00Z:false
End::2025-12-24T07:00Z===2025-12-11T00:00Z:false
End::2025-12-24T07:30Z===2025-12-11T00:00Z:false
End::2025-12-24T08:00Z===2025-12-11T00:00Z:false
End::2025-12-24T08:30Z===2025-12-11T00:00Z:false
End::2025-12-24T09:00Z===2025-12-11T00:00Z:false
End::2025-12-24T09:30Z===2025-12-11T00:00Z:false
End::2025-12-24T10:00Z===2025-12-11T00:00Z:false
End::2025-12-24T10:30Z===2025-12-11T00:00Z:false
End::2025-12-24T11:00Z===2025-12-11T00:00Z:false
End::2025-12-24T11:30Z===2025-12-11T00:00Z:false
End::2025-12-24T12:00Z===2025-12-11T00:00Z:false
End::2025-12-24T12:30Z===2025-12-11T00:00Z:false
End::2025-12-24T13:00Z===2025-12-11T00:00Z:false
End::2025-12-24T13:30Z===2025-12-11T00:00Z:false
End::2025-12-24T14:00Z===2025-12-11T00:00Z:false
End::2025-12-24T14:30Z===2025-12-11T00:00Z:false
End::2025-12-24T15:00Z===2025-12-11T00:00Z:false
End::2025-12-24T15:30Z===2025-12-11T00:00Z:false
End::2025-12-24T16:00Z===2025-12-11T00:00Z:false
End::2025-12-24T16:30Z===2025-12-11T00:00Z:false
End::2025-12-24T17:00Z===2025-12-11T00:00Z:false
End::2025-12-24T17:30Z===2025-12-11T00:00Z:false
End::2025-12-24T18:00Z===2025-12-11T00:00Z:false
End::2025-12-24T18:30Z===2025-12-11T00:00Z:false
End::2025-12-24T19:00Z===2025-12-11T00:00Z:false
End::2025-12-24T19:30Z===2025-12-11T00:00Z:false
End::2025-12-24T20:00Z===2025-12-11T00:00Z:false
End::2025-12-24T20:30Z===2025-12-11T00:00Z:false
End::2025-12-24T21:00Z===2025-12-11T00:00Z:false
End::2025-12-24T21:30Z===2025-12-11T00:00Z:false
End::2025-12-24T22:00Z===2025-12-11T00:00Z:false
End::2025-12-24T22:30Z===2025-12-11T00:00Z:false
End::2025-12-24T23:00Z===2025-12-11T00:00Z:false
End::2025-12-24T23:30Z===2025-12-11T00:00Z:false
End::2025-12-25T00:00Z===2025-12-11T00:00Z:false
End::2025-12-25T00:30Z===2025-12-11T00:00Z:false
End::2025-12-25T01:00Z===2025-12-11T00:00Z:false
End::2025-12-25T01:30Z===2025-12-11T00:00Z:false
End::2025-12-25T02:00Z===2025-12-11T00:00Z:false
End::2025-12-25T02:30Z===2025-12-11T00:00Z:false
End::2025-12-25T03:00Z===2025-12-11T00:00Z:false
End::2025-12-25T03:30Z===2025-12-11T00:00Z:false
End::2025-12-25T04:00Z===2025-12-11T00:00Z:false
End::2025-12-25T04:30Z===2025-12-11T00:00Z:false
End::2025-12-25T05:00Z===2025-12-11T00:00Z:false
End::2025-12-25T05:30Z===2025-12-11T00:00Z:false
End::2025-12-25T06:00Z===2025-12-11T00:00Z:false
End::2025-12-25T06:30Z===2025-12-11T00:00Z:false
End::2025-12-25T07:00Z===2025-12-11T00:00Z:false
End::2025-12-25T07:30Z===2025-12-11T00:00Z:false
End::2025-12-25T08:00Z===2025-12-11T00:00Z:false
End::2025-12-25T08:30Z===2025-12-11T00:00Z:false
End::2025-12-25T09:00Z===2025-12-11T00:00Z:false
End::2025-12-25T09:30Z===2025-12-11T00:00Z:false
End::2025-12-25T10:00Z===2025-12-11T00:00Z:false
End::2025-12-25T10:30Z===2025-12-11T00:00Z:false
End::2025-12-25T11:00Z===2025-12-11T00:00Z:false
End::2025-12-25T11:30Z===2025-12-11T00:00Z:false
End::2025-12-25T12:00Z===2025-12-11T00:00Z:false
End::2025-12-25T12:30Z===2025-12-11T00:00Z:false
End::2025-12-25T13:00Z===2025-12-11T00:00Z:false
End::2025-12-25T13:30Z===2025-12-11T00:00Z:false
End::2025-12-25T14:00Z===2025-12-11T00:00Z:false
End::2025-12-25T14:30Z===2025-12-11T00:00Z:false
End::2025-12-25T15:00Z===2025-12-11T00:00Z:false
End::2025-12-25T15:30Z===2025-12-11T00:00Z:false
End::2025-12-25T16:00Z===2025-12-11T00:00Z:false
End::2025-12-25T16:30Z===2025-12-11T00:00Z:false
End::2025-12-25T17:00Z===2025-12-11T00:00Z:false
End::2025-12-25T17:30Z===2025-12-11T00:00Z:false
End::2025-12-25T18:00Z===2025-12-11T00:00Z:false
End::2025-12-25T18:30Z===2025-12-11T00:00Z:false
End::2025-12-25T19:00Z===2025-12-11T00:00Z:false
End::2025-12-25T19:30Z===2025-12-11T00:00Z:false
End::2025-12-25T20:00Z===2025-12-11T00:00Z:false
End::2025-12-25T20:30Z===2025-12-11T00:00Z:false
End::2025-12-25T21:00Z===2025-12-11T00:00Z:false
End::2025-12-25T21:30Z===2025-12-11T00:00Z:false
End::2025-12-25T22:00Z===2025-12-11T00:00Z:false
End::2025-12-25T22:30Z===2025-12-11T00:00Z:false
End::2025-12-25T23:00Z===2025-12-11T00:00Z:false
End::2025-12-25T23:30Z===2025-12-11T00:00Z:false
End::2025-12-26T00:00Z===2025-12-11T00:00Z:false
End::2025-12-26T00:30Z===2025-12-11T00:00Z:false
End::2025-12-26T01:00Z===2025-12-11T00:00Z:false
End::2025-12-26T01:30Z===2025-12-11T00:00Z:false
End::2025-12-26T02:00Z===2025-12-11T00:00Z:false
End::2025-12-26T02:30Z===2025-12-11T00:00Z:false
End::2025-12-26T03:00Z===2025-12-11T00:00Z:false
End::2025-12-26T03:30Z===2025-12-11T00:00Z:false
End::2025-12-26T04:00Z===2025-12-11T00:00Z:false
End::2025-12-26T04:30Z===2025-12-11T00:00Z:false
End::2025-12-26T05:00Z===2025-12-11T00:00Z:false
End::2025-12-26T05:30Z===2025-12-11T00:00Z:false
End::2025-12-26T06:00Z===2025-12-11T00:00Z:false
End::2025-12-26T06:30Z===2025-12-11T00:00Z:false
End::2025-12-26T07:00Z===2025-12-11T00:00Z:false
End::2025-12-26T07:30Z===2025-12-11T00:00Z:false
End::2025-12-26T08:00Z===2025-12-11T00:00Z:false
End::2025-12-26T08:30Z===2025-12-11T00:00Z:false
End::2025-12-26T09:00Z===2025-12-11T00:00Z:false
End::2025-12-26T09:30Z===2025-12-11T00:00Z:false
End::2025-12-26T10:00Z===2025-12-11T00:00Z:false
End::2025-12-26T10:30Z===2025-12-11T00:00Z:false
End::2025-12-26T11:00Z===2025-12-11T00:00Z:false
End::2025-12-26T11:30Z===2025-12-11T00:00Z:false
End::2025-12-26T12:00Z===2025-12-11T00:00Z:false
End::2025-12-26T12:30Z===2025-12-11T00:00Z:false
End::2025-12-26T13:00Z===2025-12-11T00:00Z:false
End::2025-12-26T13:30Z===2025-12-11T00:00Z:false
End::2025-12-26T14:00Z===2025-12-11T00:00Z:false
End::2025-12-26T14:30Z===2025-12-11T00:00Z:false
End::2025-12-26T15:00Z===2025-12-11T00:00Z:false
End::2025-12-26T15:30Z===2025-12-11T00:00Z:false
End::2025-12-26T16:00Z===2025-12-11T00:00Z:false
End::2025-12-26T16:30Z===2025-12-11T00:00Z:false
End::2025-12-26T17:00Z===2025-12-11T00:00Z:false
End::2025-12-26T17:30Z===2025-12-11T00:00Z:false
End::2025-12-26T18:00Z===2025-12-11T00:00Z:false
End::2025-12-26T18:30Z===2025-12-11T00:00Z:false
End::2025-12-26T19:00Z===2025-12-11T00:00Z:false
End::2025-12-26T19:30Z===2025-12-11T00:00Z:false
End::2025-12-26T20:00Z===2025-12-11T00:00Z:false
End::2025-12-26T20:30Z===2025-12-11T00:00Z:false
End::2025-12-26T21:00Z===2025-12-11T00:00Z:false
End::2025-12-26T21:30Z===2025-12-11T00:00Z:false
End::2025-12-26T22:00Z===2025-12-11T00:00Z:false
End::2025-12-26T22:30Z===2025-12-11T00:00Z:false
End::2025-12-26T23:00Z===2025-12-11T00:00Z:false
End::2025-12-26T23:30Z===2025-12-11T00:00Z:false
End::2025-12-27T00:00Z===2025-12-11T00:00Z:false
End::2025-12-27T00:30Z===2025-12-11T00:00Z:false
End::2025-12-27T01:00Z===2025-12-11T00:00Z:false
End::2025-12-27T01:30Z===2025-12-11T00:00Z:false
End::2025-12-27T02:00Z===2025-12-11T00:00Z:false
End::2025-12-27T02:30Z===2025-12-11T00:00Z:false
End::2025-12-27T03:00Z===2025-12-11T00:00Z:false
End::2025-12-27T03:30Z===2025-12-11T00:00Z:false
End::2025-12-27T04:00Z===2025-12-11T00:00Z:false
End::2025-12-27T04:30Z===2025-12-11T00:00Z:false
End::2025-12-27T05:00Z===2025-12-11T00:00Z:false
End::2025-12-27T05:30Z===2025-12-11T00:00Z:false
End::2025-12-27T06:00Z===2025-12-11T00:00Z:false
End::2025-12-27T06:30Z===2025-12-11T00:00Z:false
End::2025-12-27T07:00Z===2025-12-11T00:00Z:false
End::2025-12-27T07:30Z===2025-12-11T00:00Z:false
End::2025-12-27T08:00Z===2025-12-11T00:00Z:false
End::2025-12-27T08:30Z===2025-12-11T00:00Z:false
End::2025-12-27T09:00Z===2025-12-11T00:00Z:false
End::2025-12-27T09:30Z===2025-12-11T00:00Z:false
End::2025-12-27T10:00Z===2025-12-11T00:00Z:false
End::2025-12-27T10:30Z===2025-12-11T00:00Z:false
End::2025-12-27T11:00Z===2025-12-11T00:00Z:false
End::2025-12-27T11:30Z===2025-12-11T00:00Z:false
End::2025-12-27T12:00Z===2025-12-11T00:00Z:false
End::2025-12-27T12:30Z===2025-12-11T00:00Z:false
End::2025-12-27T13:00Z===2025-12-11T00:00Z:false
End::2025-12-27T13:30Z===2025-12-11T00:00Z:false
End::2025-12-27T14:00Z===2025-12-11T00:00Z:false
End::2025-12-27T14:30Z===2025-12-11T00:00Z:false
End::2025-12-27T15:00Z===2025-12-11T00:00Z:false
End::2025-12-27T15:30Z===2025-12-11T00:00Z:false
End::2025-12-27T16:00Z===2025-12-11T00:00Z:false
End::2025-12-27T16:30Z===2025-12-11T00:00Z:false
End::2025-12-27T17:00Z===2025-12-11T00:00Z:false
End::2025-12-27T17:30Z===2025-12-11T00:00Z:false
End::2025-12-27T18:00Z===2025-12-11T00:00Z:false
End::2025-12-27T18:30Z===2025-12-11T00:00Z:false
End::2025-12-27T19:00Z===2025-12-11T00:00Z:false
End::2025-12-27T19:30Z===2025-12-11T00:00Z:false
End::2025-12-27T20:00Z===2025-12-11T00:00Z:false
End::2025-12-27T20:30Z===2025-12-11T00:00Z:false
End::2025-12-27T21:00Z===2025-12-11T00:00Z:false
End::2025-12-27T21:30Z===2025-12-11T00:00Z:false
End::2025-12-27T22:00Z===2025-12-11T00:00Z:false
End::2025-12-27T22:30Z===2025-12-11T00:00Z:false
End::2025-12-27T23:00Z===2025-12-11T00:00Z:false
End::2025-12-27T23:30Z===2025-12-11T00:00Z:false
End::2026-12-28T00:00Z===2025-12-11T00:00Z:false
End::2026-12-28T00:30Z===2025-12-11T00:00Z:false
End::2026-12-28T01:00Z===2025-12-11T00:00Z:false
End::2026-12-28T01:30Z===2025-12-11T00:00Z:false
End::2026-12-28T02:00Z===2025-12-11T00:00Z:false
End::2026-12-28T02:30Z===2025-12-11T00:00Z:false
End::2026-12-28T03:00Z===2025-12-11T00:00Z:false
End::2026-12-28T03:30Z===2025-12-11T00:00Z:false
End::2026-12-28T04:00Z===2025-12-11T00:00Z:false
End::2026-12-28T04:30Z===2025-12-11T00:00Z:false
End::2026-12-28T05:00Z===2025-12-11T00:00Z:false
End::2026-12-28T05:30Z===2025-12-11T00:00Z:false
End::2026-12-28T06:00Z===2025-12-11T00:00Z:false
End::2026-12-28T06:30Z===2025-12-11T00:00Z:false
End::2026-12-28T07:00Z===2025-12-11T00:00Z:false
End::2026-12-28T07:30Z===2025-12-11T00:00Z:false
End::2026-12-28T08:00Z===2025-12-11T00:00Z:false
End::2026-12-28T08:30Z===2025-12-11T00:00Z:false
End::2026-12-28T09:00Z===2025-12-11T00:00Z:false
End::2026-12-28T09:30Z===2025-12-11T00:00Z:false
End::2026-12-28T10:00Z===2025-12-11T00:00Z:false
End::2026-12-28T10:30Z===2025-12-11T00:00Z:false
End::2026-12-28T11:00Z===2025-12-11T00:00Z:false
End::2026-12-28T11:30Z===2025-12-11T00:00Z:false
End::2026-12-28T12:00Z===2025-12-11T00:00Z:false
End::2026-12-28T12:30Z===2025-12-11T00:00Z:false
End::2026-12-28T13:00Z===2025-12-11T00:00Z:false
End::2026-12-28T13:30Z===2025-12-11T00:00Z:false
End::2026-12-28T14:00Z===2025-12-11T00:00Z:false
End::2026-12-28T14:30Z===2025-12-11T00:00Z:false
End::2026-12-28T15:00Z===2025-12-11T00:00Z:false
End::2026-12-28T15:30Z===2025-12-11T00:00Z:false
End::2026-12-28T16:00Z===2025-12-11T00:00Z:false
End::2026-12-28T16:30Z===2025-12-11T00:00Z:false
End::2026-12-28T17:00Z===2025-12-11T00:00Z:false
End::2026-12-28T17:30Z===2025-12-11T00:00Z:false
End::2026-12-28T18:00Z===2025-12-11T00:00Z:false
End::2026-12-28T18:30Z===2025-12-11T00:00Z:false
End::2026-12-28T19:00Z===2025-12-11T00:00Z:false
End::2026-12-28T19:30Z===2025-12-11T00:00Z:false
End::2026-12-28T20:00Z===2025-12-11T00:00Z:false
End::2026-12-28T20:30Z===2025-12-11T00:00Z:false
End::2026-12-28T21:00Z===2025-12-11T00:00Z:false
End::2026-12-28T21:30Z===2025-12-11T00:00Z:false
End::2026-12-28T22:00Z===2025-12-11T00:00Z:false
End::2026-12-28T22:30Z===2025-12-11T00:00Z:false
End::2026-12-28T23:00Z===2025-12-11T00:00Z:false
End::2026-12-28T23:30Z===2025-12-11T00:00Z:false
End::2026-12-29T00:00Z===2025-12-11T00:00Z:false
End::2026-12-29T00:30Z===2025-12-11T00:00Z:false
End::2026-12-29T01:00Z===2025-12-11T00:00Z:false
End::2026-12-29T01:30Z===2025-12-11T00:00Z:false
End::2026-12-29T02:00Z===2025-12-11T00:00Z:false
End::2026-12-29T02:30Z===2025-12-11T00:00Z:false
End::2026-12-29T03:00Z===2025-12-11T00:00Z:false
End::2026-12-29T03:30Z===2025-12-11T00:00Z:false
End::2026-12-29T04:00Z===2025-12-11T00:00Z:false
End::2026-12-29T04:30Z===2025-12-11T00:00Z:false
End::2026-12-29T05:00Z===2025-12-11T00:00Z:false
End::2026-12-29T05:30Z===2025-12-11T00:00Z:false
End::2026-12-29T06:00Z===2025-12-11T00:00Z:false
End::2026-12-29T06:30Z===2025-12-11T00:00Z:false
End::2026-12-29T07:00Z===2025-12-11T00:00Z:false
End::2026-12-29T07:30Z===2025-12-11T00:00Z:false
End::2026-12-29T08:00Z===2025-12-11T00:00Z:false
End::2026-12-29T08:30Z===2025-12-11T00:00Z:false
End::2026-12-29T09:00Z===2025-12-11T00:00Z:false
End::2026-12-29T09:30Z===2025-12-11T00:00Z:false
End::2026-12-29T10:00Z===2025-12-11T00:00Z:false
End::2026-12-29T10:30Z===2025-12-11T00:00Z:false
End::2026-12-29T11:00Z===2025-12-11T00:00Z:false
End::2026-12-29T11:30Z===2025-12-11T00:00Z:false
End::2026-12-29T12:00Z===2025-12-11T00:00Z:false
End::2026-12-29T12:30Z===2025-12-11T00:00Z:false
End::2026-12-29T13:00Z===2025-12-11T00:00Z:false
End::2026-12-29T13:30Z===2025-12-11T00:00Z:false
End::2026-12-29T14:00Z===2025-12-11T00:00Z:false
End::2026-12-29T14:30Z===2025-12-11T00:00Z:false
End::2026-12-29T15:00Z===2025-12-11T00:00Z:false
End::2026-12-29T15:30Z===2025-12-11T00:00Z:false
End::2026-12-29T16:00Z===2025-12-11T00:00Z:false
End::2026-12-29T16:30Z===2025-12-11T00:00Z:false
End::2026-12-29T17:00Z===2025-12-11T00:00Z:false
End::2026-12-29T17:30Z===2025-12-11T00:00Z:false
End::2026-12-29T18:00Z===2025-12-11T00:00Z:false
End::2026-12-29T18:30Z===2025-12-11T00:00Z:false
End::2026-12-29T19:00Z===2025-12-11T00:00Z:false
End::2026-12-29T19:30Z===2025-12-11T00:00Z:false
End::2026-12-29T20:00Z===2025-12-11T00:00Z:false
End::2026-12-29T20:30Z===2025-12-11T00:00Z:false
End::2026-12-29T21:00Z===2025-12-11T00:00Z:false
End::2026-12-29T21:30Z===2025-12-11T00:00Z:false
End::2026-12-29T22:00Z===2025-12-11T00:00Z:false
End::2026-12-29T22:30Z===2025-12-11T00:00Z:false
End::2026-12-29T23:00Z===2025-12-11T00:00Z:false
End::2026-12-29T23:30Z===2025-12-11T00:00Z:false
End::2026-12-30T00:00Z===2025-12-11T00:00Z:false
End::2026-12-30T00:30Z===2025-12-11T00:00Z:false
End::2026-12-30T01:00Z===2025-12-11T00:00Z:false
End::2026-12-30T01:30Z===2025-12-11T00:00Z:false
End::2026-12-30T02:00Z===2025-12-11T00:00Z:false
End::2026-12-30T02:30Z===2025-12-11T00:00Z:false
End::2026-12-30T03:00Z===2025-12-11T00:00Z:false
End::2026-12-30T03:30Z===2025-12-11T00:00Z:false
End::2026-12-30T04:00Z===2025-12-11T00:00Z:false
End::2026-12-30T04:30Z===2025-12-11T00:00Z:false
End::2026-12-30T05:00Z===2025-12-11T00:00Z:false
End::2026-12-30T05:30Z===2025-12-11T00:00Z:false
End::2026-12-30T06:00Z===2025-12-11T00:00Z:false
End::2026-12-30T06:30Z===2025-12-11T00:00Z:false
End::2026-12-30T07:00Z===2025-12-11T00:00Z:false
End::2026-12-30T07:30Z===2025-12-11T00:00Z:false
End::2026-12-30T08:00Z===2025-12-11T00:00Z:false
End::2026-12-30T08:30Z===2025-12-11T00:00Z:false
End::2026-12-30T09:00Z===2025-12-11T00:00Z:false
End::2026-12-30T09:30Z===2025-12-11T00:00Z:false
End::2026-12-30T10:00Z===2025-12-11T00:00Z:false
End::2026-12-30T10:30Z===2025-12-11T00:00Z:false
End::2026-12-30T11:00Z===2025-12-11T00:00Z:false
End::2026-12-30T11:30Z===2025-12-11T00:00Z:false
End::2026-12-30T12:00Z===2025-12-11T00:00Z:false
End::2026-12-30T12:30Z===2025-12-11T00:00Z:false
End::2026-12-30T13:00Z===2025-12-11T00:00Z:false
End::2026-12-30T13:30Z===2025-12-11T00:00Z:false
End::2026-12-30T14:00Z===2025-12-11T00:00Z:false
End::2026-12-30T14:30Z===2025-12-11T00:00Z:false
End::2026-12-30T15:00Z===2025-12-11T00:00Z:false
End::2026-12-30T15:30Z===2025-12-11T00:00Z:false
End::2026-12-30T16:00Z===2025-12-11T00:00Z:false
End::2026-12-30T16:30Z===2025-12-11T00:00Z:false
End::2026-12-30T17:00Z===2025-12-11T00:00Z:false
End::2026-12-30T17:30Z===2025-12-11T00:00Z:false
End::2026-12-30T18:00Z===2025-12-11T00:00Z:false
End::2026-12-30T18:30Z===2025-12-11T00:00Z:false
End::2026-12-30T19:00Z===2025-12-11T00:00Z:false
End::2026-12-30T19:30Z===2025-12-11T00:00Z:false
End::2026-12-30T20:00Z===2025-12-11T00:00Z:false
End::2026-12-30T20:30Z===2025-12-11T00:00Z:false
End::2026-12-30T21:00Z===2025-12-11T00:00Z:false
End::2026-12-30T21:30Z===2025-12-11T00:00Z:false
End::2026-12-30T22:00Z===2025-12-11T00:00Z:false
End::2026-12-30T22:30Z===2025-12-11T00:00Z:false
End::2026-12-30T23:00Z===2025-12-11T00:00Z:false
End::2026-12-30T23:30Z===2025-12-11T00:00Z:false
End::2026-12-31T00:00Z===2025-12-11T00:00Z:false
End::2026-12-31T00:30Z===2025-12-11T00:00Z:false
End::2026-12-31T01:00Z===2025-12-11T00:00Z:false
End::2026-12-31T01:30Z===2025-12-11T00:00Z:false
End::2026-12-31T02:00Z===2025-12-11T00:00Z:false
End::2026-12-31T02:30Z===2025-12-11T00:00Z:false
End::2026-12-31T03:00Z===2025-12-11T00:00Z:false
End::2026-12-31T03:30Z===2025-12-11T00:00Z:false
End::2026-12-31T04:00Z===2025-12-11T00:00Z:false
End::2026-12-31T04:30Z===2025-12-11T00:00Z:false
End::2026-12-31T05:00Z===2025-12-11T00:00Z:false
End::2026-12-31T05:30Z===2025-12-11T00:00Z:false
End::2026-12-31T06:00Z===2025-12-11T00:00Z:false
End::2026-12-31T06:30Z===2025-12-11T00:00Z:false
End::2026-12-31T07:00Z===2025-12-11T00:00Z:false
End::2026-12-31T07:30Z===2025-12-11T00:00Z:false
End::2026-12-31T08:00Z===2025-12-11T00:00Z:false
End::2026-12-31T08:30Z===2025-12-11T00:00Z:false
End::2026-12-31T09:00Z===2025-12-11T00:00Z:false
End::2026-12-31T09:30Z===2025-12-11T00:00Z:false
End::2026-12-31T10:00Z===2025-12-11T00:00Z:false
End::2026-12-31T10:30Z===2025-12-11T00:00Z:false
End::2026-12-31T11:00Z===2025-12-11T00:00Z:false
End::2026-12-31T11:30Z===2025-12-11T00:00Z:false
End::2026-12-31T12:00Z===2025-12-11T00:00Z:false
End::2026-12-31T12:30Z===2025-12-11T00:00Z:false
End::2026-12-31T13:00Z===2025-12-11T00:00Z:false
End::2026-12-31T13:30Z===2025-12-11T00:00Z:false
End::2026-12-31T14:00Z===2025-12-11T00:00Z:false
End::2026-12-31T14:30Z===2025-12-11T00:00Z:false
End::2026-12-31T15:00Z===2025-12-11T00:00Z:false
End::2026-12-31T15:30Z===2025-12-11T00:00Z:false
End::2026-12-31T16:00Z===2025-12-11T00:00Z:false
End::2026-12-31T16:30Z===2025-12-11T00:00Z:false
End::2026-12-31T17:00Z===2025-12-11T00:00Z:false
End::2026-12-31T17:30Z===2025-12-11T00:00Z:false
End::2026-12-31T18:00Z===2025-12-11T00:00Z:false
End::2026-12-31T18:30Z===2025-12-11T00:00Z:false
End::2026-12-31T19:00Z===2025-12-11T00:00Z:false
End::2026-12-31T19:30Z===2025-12-11T00:00Z:false
End::2026-12-31T20:00Z===2025-12-11T00:00Z:false
End::2026-12-31T20:30Z===2025-12-11T00:00Z:false
End::2026-12-31T21:00Z===2025-12-11T00:00Z:false
End::2026-12-31T21:30Z===2025-12-11T00:00Z:false
End::2026-12-31T22:00Z===2025-12-11T00:00Z:false
End::2026-12-31T22:30Z===2025-12-11T00:00Z:false
End::2026-12-31T23:00Z===2025-12-11T00:00Z:false
End::2026-12-31T23:30Z===2025-12-11T00:00Z:false
End::2026-01-01T00:00Z===2025-12-11T00:00Z:false
End::2026-01-01T00:30Z===2025-12-11T00:00Z:false
End::2026-01-01T01:00Z===2025-12-11T00:00Z:false
End::2026-01-01T01:30Z===2025-12-11T00:00Z:false
End::2026-01-01T02:00Z===2025-12-11T00:00Z:false
End::2026-01-01T02:30Z===2025-12-11T00:00Z:false
End::2026-01-01T03:00Z===2025-12-11T00:00Z:false
End::2026-01-01T03:30Z===2025-12-11T00:00Z:false
End::2026-01-01T04:00Z===2025-12-11T00:00Z:false
End::2026-01-01T04:30Z===2025-12-11T00:00Z:false
End::2026-01-01T05:00Z===2025-12-11T00:00Z:false
End::2026-01-01T05:30Z===2025-12-11T00:00Z:false
End::2026-01-01T06:00Z===2025-12-11T00:00Z:false
End::2026-01-01T06:30Z===2025-12-11T00:00Z:false
End::2026-01-01T07:00Z===2025-12-11T00:00Z:false
End::2026-01-01T07:30Z===2025-12-11T00:00Z:false
End::2026-01-01T08:00Z===2025-12-11T00:00Z:false
End::2026-01-01T08:30Z===2025-12-11T00:00Z:false
End::2026-01-01T09:00Z===2025-12-11T00:00Z:false
End::2026-01-01T09:30Z===2025-12-11T00:00Z:false
End::2026-01-01T10:00Z===2025-12-11T00:00Z:false
End::2026-01-01T10:30Z===2025-12-11T00:00Z:false
End::2026-01-01T11:00Z===2025-12-11T00:00Z:false
End::2026-01-01T11:30Z===2025-12-11T00:00Z:false
End::2026-01-01T12:00Z===2025-12-11T00:00Z:false
End::2026-01-01T12:30Z===2025-12-11T00:00Z:false
End::2026-01-01T13:00Z===2025-12-11T00:00Z:false
End::2026-01-01T13:30Z===2025-12-11T00:00Z:false
End::2026-01-01T14:00Z===2025-12-11T00:00Z:false
End::2026-01-01T14:30Z===2025-12-11T00:00Z:false
End::2026-01-01T15:00Z===2025-12-11T00:00Z:false
End::2026-01-01T15:30Z===2025-12-11T00:00Z:false
End::2026-01-01T16:00Z===2025-12-11T00:00Z:false
End::2026-01-01T16:30Z===2025-12-11T00:00Z:false
End::2026-01-01T17:00Z===2025-12-11T00:00Z:false
End::2026-01-01T17:30Z===2025-12-11T00:00Z:false
End::2026-01-01T18:00Z===2025-12-11T00:00Z:false
End::2026-01-01T18:30Z===2025-12-11T00:00Z:false
End::2026-01-01T19:00Z===2025-12-11T00:00Z:false
End::2026-01-01T19:30Z===2025-12-11T00:00Z:false
End::2026-01-01T20:00Z===2025-12-11T00:00Z:false
End::2026-01-01T20:30Z===2025-12-11T00:00Z:false
End::2026-01-01T21:00Z===2025-12-11T00:00Z:false
End::2026-01-01T21:30Z===2025-12-11T00:00Z:false
End::2026-01-01T22:00Z===2025-12-11T00:00Z:false
End::2026-01-01T22:30Z===2025-12-11T00:00Z:false
End::2026-01-01T23:00Z===2025-12-11T00:00Z:false
End::2026-01-01T23:30Z===2025-12-11T00:00Z:false
End::2026-01-02T00:00Z===2025-12-11T00:00Z:false
End::2026-01-02T00:30Z===2025-12-11T00:00Z:false
End::2026-01-02T01:00Z===2025-12-11T00:00Z:false
End::2026-01-02T01:30Z===2025-12-11T00:00Z:false
End::2026-01-02T02:00Z===2025-12-11T00:00Z:false
End::2026-01-02T02:30Z===2025-12-11T00:00Z:false
End::2026-01-02T03:00Z===2025-12-11T00:00Z:false
End::2026-01-02T03:30Z===2025-12-11T00:00Z:false
End::2026-01-02T04:00Z===2025-12-11T00:00Z:false
End::2026-01-02T04:30Z===2025-12-11T00:00Z:false
End::2026-01-02T05:00Z===2025-12-11T00:00Z:false
End::2026-01-02T05:30Z===2025-12-11T00:00Z:false
End::2026-01-02T06:00Z===2025-12-11T00:00Z:false
End::2026-01-02T06:30Z===2025-12-11T00:00Z:false
End::2026-01-02T07:00Z===2025-12-11T00:00Z:false
End::2026-01-02T07:30Z===2025-12-11T00:00Z:false
End::2026-01-02T08:00Z===2025-12-11T00:00Z:false
End::2026-01-02T08:30Z===2025-12-11T00:00Z:false
End::2026-01-02T09:00Z===2025-12-11T00:00Z:false
End::2026-01-02T09:30Z===2025-12-11T00:00Z:false
End::2026-01-02T10:00Z===2025-12-11T00:00Z:false
End::2026-01-02T10:30Z===2025-12-11T00:00Z:false
End::2026-01-02T11:00Z===2025-12-11T00:00Z:false
End::2026-01-02T11:30Z===2025-12-11T00:00Z:false
End::2026-01-02T12:00Z===2025-12-11T00:00Z:false
End::2026-01-02T12:30Z===2025-12-11T00:00Z:false
End::2026-01-02T13:00Z===2025-12-11T00:00Z:false
End::2026-01-02T13:30Z===2025-12-11T00:00Z:false
End::2026-01-02T14:00Z===2025-12-11T00:00Z:false
End::2026-01-02T14:30Z===2025-12-11T00:00Z:false
End::2026-01-02T15:00Z===2025-12-11T00:00Z:false
End::2026-01-02T15:30Z===2025-12-11T00:00Z:false
End::2026-01-02T16:00Z===2025-12-11T00:00Z:false
End::2026-01-02T16:30Z===2025-12-11T00:00Z:false
End::2026-01-02T17:00Z===2025-12-11T00:00Z:false
End::2026-01-02T17:30Z===2025-12-11T00:00Z:false
End::2026-01-02T18:00Z===2025-12-11T00:00Z:false
End::2026-01-02T18:30Z===2025-12-11T00:00Z:false
End::2026-01-02T19:00Z===2025-12-11T00:00Z:false
End::2026-01-02T19:30Z===2025-12-11T00:00Z:false
End::2026-01-02T20:00Z===2025-12-11T00:00Z:false
End::2026-01-02T20:30Z===2025-12-11T00:00Z:false
End::2026-01-02T21:00Z===2025-12-11T00:00Z:false
End::2026-01-02T21:30Z===2025-12-11T00:00Z:false
End::2026-01-02T22:00Z===2025-12-11T00:00Z:false
End::2026-01-02T22:30Z===2025-12-11T00:00Z:false
End::2026-01-02T23:00Z===2025-12-11T00:00Z:false
End::2026-01-02T23:30Z===2025-12-11T00:00Z:false
End::2026-01-03T00:00Z===2025-12-11T00:00Z:false
End::2026-01-03T00:30Z===2025-12-11T00:00Z:false
End::2026-01-03T01:00Z===2025-12-11T00:00Z:false
End::2026-01-03T01:30Z===2025-12-11T00:00Z:false
End::2026-01-03T02:00Z===2025-12-11T00:00Z:false
End::2026-01-03T02:30Z===2025-12-11T00:00Z:false
End::2026-01-03T03:00Z===2025-12-11T00:00Z:false
End::2026-01-03T03:30Z===2025-12-11T00:00Z:false
End::2026-01-03T04:00Z===2025-12-11T00:00Z:false
End::2026-01-03T04:30Z===2025-12-11T00:00Z:false
End::2026-01-03T05:00Z===2025-12-11T00:00Z:false
End::2026-01-03T05:30Z===2025-12-11T00:00Z:false
End::2026-01-03T06:00Z===2025-12-11T00:00Z:false
End::2026-01-03T06:30Z===2025-12-11T00:00Z:false
End::2026-01-03T07:00Z===2025-12-11T00:00Z:false
End::2026-01-03T07:30Z===2025-12-11T00:00Z:false
End::2026-01-03T08:00Z===2025-12-11T00:00Z:false
End::2026-01-03T08:30Z===2025-12-11T00:00Z:false
End::2026-01-03T09:00Z===2025-12-11T00:00Z:false
End::2026-01-03T09:30Z===2025-12-11T00:00Z:false
End::2026-01-03T10:00Z===2025-12-11T00:00Z:false
End::2026-01-03T10:30Z===2025-12-11T00:00Z:false
End::2026-01-03T11:00Z===2025-12-11T00:00Z:false
End::2026-01-03T11:30Z===2025-12-11T00:00Z:false
End::2026-01-03T12:00Z===2025-12-11T00:00Z:false
End::2026-01-03T12:30Z===2025-12-11T00:00Z:false
End::2026-01-03T13:00Z===2025-12-11T00:00Z:false
End::2026-01-03T13:30Z===2025-12-11T00:00Z:false
End::2026-01-03T14:00Z===2025-12-11T00:00Z:false
End::2026-01-03T14:30Z===2025-12-11T00:00Z:false
End::2026-01-03T15:00Z===2025-12-11T00:00Z:false
End::2026-01-03T15:30Z===2025-12-11T00:00Z:false
End::2026-01-03T16:00Z===2025-12-11T00:00Z:false
End::2026-01-03T16:30Z===2025-12-11T00:00Z:false
End::2026-01-03T17:00Z===2025-12-11T00:00Z:false
End::2026-01-03T17:30Z===2025-12-11T00:00Z:false
End::2026-01-03T18:00Z===2025-12-11T00:00Z:false
End::2026-01-03T18:30Z===2025-12-11T00:00Z:false
End::2026-01-03T19:00Z===2025-12-11T00:00Z:false
End::2026-01-03T19:30Z===2025-12-11T00:00Z:false
End::2026-01-03T20:00Z===2025-12-11T00:00Z:false
End::2026-01-03T20:30Z===2025-12-11T00:00Z:false
End::2026-01-03T21:00Z===2025-12-11T00:00Z:false
End::2026-01-03T21:30Z===2025-12-11T00:00Z:false
End::2026-01-03T22:00Z===2025-12-11T00:00Z:false
End::2026-01-03T22:30Z===2025-12-11T00:00Z:false
End::2026-01-03T23:00Z===2025-12-11T00:00Z:false
End::2026-01-03T23:30Z===2025-12-11T00:00Z:false
End::2026-01-04T00:00Z===2025-12-11T00:00Z:false
End::2026-01-04T00:30Z===2025-12-11T00:00Z:false
End::2026-01-04T01:00Z===2025-12-11T00:00Z:false
End::2026-01-04T01:30Z===2025-12-11T00:00Z:false
End::2026-01-04T02:00Z===2025-12-11T00:00Z:false
End::2026-01-04T02:30Z===2025-12-11T00:00Z:false
End::2026-01-04T03:00Z===2025-12-11T00:00Z:false
End::2026-01-04T03:30Z===2025-12-11T00:00Z:false
End::2026-01-04T04:00Z===2025-12-11T00:00Z:false
End::2026-01-04T04:30Z===2025-12-11T00:00Z:false
End::2026-01-04T05:00Z===2025-12-11T00:00Z:false
End::2026-01-04T05:30Z===2025-12-11T00:00Z:false
End::2026-01-04T06:00Z===2025-12-11T00:00Z:false
End::2026-01-04T06:30Z===2025-12-11T00:00Z:false
End::2026-01-04T07:00Z===2025-12-11T00:00Z:false
End::2026-01-04T07:30Z===2025-12-11T00:00Z:false
End::2026-01-04T08:00Z===2025-12-11T00:00Z:false
End::2026-01-04T08:30Z===2025-12-11T00:00Z:false
End::2026-01-04T09:00Z===2025-12-11T00:00Z:false
End::2026-01-04T09:30Z===2025-12-11T00:00Z:false
End::2026-01-04T10:00Z===2025-12-11T00:00Z:false
End::2026-01-04T10:30Z===2025-12-11T00:00Z:false
End::2026-01-04T11:00Z===2025-12-11T00:00Z:false
End::2026-01-04T11:30Z===2025-12-11T00:00Z:false
End::2026-01-04T12:00Z===2025-12-11T00:00Z:false
End::2026-01-04T12:30Z===2025-12-11T00:00Z:false
End::2026-01-04T13:00Z===2025-12-11T00:00Z:false
End::2026-01-04T13:30Z===2025-12-11T00:00Z:false
End::2026-01-04T14:00Z===2025-12-11T00:00Z:false
End::2026-01-04T14:30Z===2025-12-11T00:00Z:false
End::2026-01-04T15:00Z===2025-12-11T00:00Z:false
End::2026-01-04T15:30Z===2025-12-11T00:00Z:false
End::2026-01-04T16:00Z===2025-12-11T00:00Z:false
End::2026-01-04T16:30Z===2025-12-11T00:00Z:false
End::2026-01-04T17:00Z===2025-12-11T00:00Z:false
End::2026-01-04T17:30Z===2025-12-11T00:00Z:false
End::2026-01-04T18:00Z===2025-12-11T00:00Z:false
End::2026-01-04T18:30Z===2025-12-11T00:00Z:false
End::2026-01-04T19:00Z===2025-12-11T00:00Z:false
End::2026-01-04T19:30Z===2025-12-11T00:00Z:false
End::2026-01-04T20:00Z===2025-12-11T00:00Z:false
End::2026-01-04T20:30Z===2025-12-11T00:00Z:false
End::2026-01-04T21:00Z===2025-12-11T00:00Z:false
End::2026-01-04T21:30Z===2025-12-11T00:00Z:false
End::2026-01-04T22:00Z===2025-12-11T00:00Z:false
End::2026-01-04T22:30Z===2025-12-11T00:00Z:false
End::2026-01-04T23:00Z===2025-12-11T00:00Z:false
End::2026-01-04T23:30Z===2025-12-11T00:00Z:false
End::2026-01-05T00:00Z===2025-12-11T00:00Z:false
End::2026-01-05T00:30Z===2025-12-11T00:00Z:false
End::2026-01-05T01:00Z===2025-12-11T00:00Z:false
End::2026-01-05T01:30Z===2025-12-11T00:00Z:false
End::2026-01-05T02:00Z===2025-12-11T00:00Z:false
End::2026-01-05T02:30Z===2025-12-11T00:00Z:false
End::2026-01-05T03:00Z===2025-12-11T00:00Z:false
End::2026-01-05T03:30Z===2025-12-11T00:00Z:false
End::2026-01-05T04:00Z===2025-12-11T00:00Z:false
End::2026-01-05T04:30Z===2025-12-11T00:00Z:false
End::2026-01-05T05:00Z===2025-12-11T00:00Z:false
End::2026-01-05T05:30Z===2025-12-11T00:00Z:false
End::2026-01-05T06:00Z===2025-12-11T00:00Z:false
End::2026-01-05T06:30Z===2025-12-11T00:00Z:false
End::2026-01-05T07:00Z===2025-12-11T00:00Z:false
End::2026-01-05T07:30Z===2025-12-11T00:00Z:false
End::2026-01-05T08:00Z===2025-12-11T00:00Z:false
End::2026-01-05T08:30Z===2025-12-11T00:00Z:false
End::2026-01-05T09:00Z===2025-12-11T00:00Z:false
End::2026-01-05T09:30Z===2025-12-11T00:00Z:false
End::2026-01-05T10:00Z===2025-12-11T00:00Z:false
End::2026-01-05T10:30Z===2025-12-11T00:00Z:false
End::2026-01-05T11:00Z===2025-12-11T00:00Z:false
End::2026-01-05T11:30Z===2025-12-11T00:00Z:false
End::2026-01-05T12:00Z===2025-12-11T00:00Z:false
End::2026-01-05T12:30Z===2025-12-11T00:00Z:false
End::2026-01-05T13:00Z===2025-12-11T00:00Z:false
End::2026-01-05T13:30Z===2025-12-11T00:00Z:false
End::2026-01-05T14:00Z===2025-12-11T00:00Z:false
End::2026-01-05T14:30Z===2025-12-11T00:00Z:false
End::2026-01-05T15:00Z===2025-12-11T00:00Z:false
End::2026-01-05T15:30Z===2025-12-11T00:00Z:false
End::2026-01-05T16:00Z===2025-12-11T00:00Z:false
End::2026-01-05T16:30Z===2025-12-11T00:00Z:false
End::2026-01-05T17:00Z===2025-12-11T00:00Z:false
End::2026-01-05T17:30Z===2025-12-11T00:00Z:false
End::2026-01-05T18:00Z===2025-12-11T00:00Z:false
End::2026-01-05T18:30Z===2025-12-11T00:00Z:false
End::2026-01-05T19:00Z===2025-12-11T00:00Z:false
End::2026-01-05T19:30Z===2025-12-11T00:00Z:false
End::2026-01-05T20:00Z===2025-12-11T00:00Z:false
End::2026-01-05T20:30Z===2025-12-11T00:00Z:false
End::2026-01-05T21:00Z===2025-12-11T00:00Z:false
End::2026-01-05T21:30Z===2025-12-11T00:00Z:false
End::2026-01-05T22:00Z===2025-12-11T00:00Z:false
End::2026-01-05T22:30Z===2025-12-11T00:00Z:false
End::2026-01-05T23:00Z===2025-12-11T00:00Z:false
End::2026-01-05T23:30Z===2025-12-11T00:00Z:false
End::2026-01-06T00:00Z===2025-12-11T00:00Z:false
End::2026-01-06T00:30Z===2025-12-11T00:00Z:false
End::2026-01-06T01:00Z===2025-12-11T00:00Z:false
End::2026-01-06T01:30Z===2025-12-11T00:00Z:false
End::2026-01-06T02:00Z===2025-12-11T00:00Z:false
End::2026-01-06T02:30Z===2025-12-11T00:00Z:false
End::2026-01-06T03:00Z===2025-12-11T00:00Z:false
End::2026-01-06T03:30Z===2025-12-11T00:00Z:false
End::2026-01-06T04:00Z===2025-12-11T00:00Z:false
End::2026-01-06T04:30Z===2025-12-11T00:00Z:false
End::2026-01-06T05:00Z===2025-12-11T00:00Z:false
End::2026-01-06T05:30Z===2025-12-11T00:00Z:false
End::2026-01-06T06:00Z===2025-12-11T00:00Z:false
End::2026-01-06T06:30Z===2025-12-11T00:00Z:false
End::2026-01-06T07:00Z===2025-12-11T00:00Z:false
End::2026-01-06T07:30Z===2025-12-11T00:00Z:false
End::2026-01-06T08:00Z===2025-12-11T00:00Z:false
End::2026-01-06T08:30Z===2025-12-11T00:00Z:false
End::2026-01-06T09:00Z===2025-12-11T00:00Z:false
End::2026-01-06T09:30Z===2025-12-11T00:00Z:false
End::2026-01-06T10:00Z===2025-12-11T00:00Z:false
End::2026-01-06T10:30Z===2025-12-11T00:00Z:false
End::2026-01-06T11:00Z===2025-12-11T00:00Z:false
End::2026-01-06T11:30Z===2025-12-11T00:00Z:false
End::2026-01-06T12:00Z===2025-12-11T00:00Z:false
End::2026-01-06T12:30Z===2025-12-11T00:00Z:false
End::2026-01-06T13:00Z===2025-12-11T00:00Z:false
End::2026-01-06T13:30Z===2025-12-11T00:00Z:false
End::2026-01-06T14:00Z===2025-12-11T00:00Z:false
End::2026-01-06T14:30Z===2025-12-11T00:00Z:false
End::2026-01-06T15:00Z===2025-12-11T00:00Z:false
End::2026-01-06T15:30Z===2025-12-11T00:00Z:false
End::2026-01-06T16:00Z===2025-12-11T00:00Z:false
End::2026-01-06T16:30Z===2025-12-11T00:00Z:false
End::2026-01-06T17:00Z===2025-12-11T00:00Z:false
End::2026-01-06T17:30Z===2025-12-11T00:00Z:false
End::2026-01-06T18:00Z===2025-12-11T00:00Z:false
End::2026-01-06T18:30Z===2025-12-11T00:00Z:false
End::2026-01-06T19:00Z===2025-12-11T00:00Z:false
End::2026-01-06T19:30Z===2025-12-11T00:00Z:false
End::2026-01-06T20:00Z===2025-12-11T00:00Z:false
End::2026-01-06T20:30Z===2025-12-11T00:00Z:false
End::2026-01-06T21:00Z===2025-12-11T00:00Z:false
End::2026-01-06T21:30Z===2025-12-11T00:00Z:false
End::2026-01-06T22:00Z===2025-12-11T00:00Z:false
End::2026-01-06T22:30Z===2025-12-11T00:00Z:false
End::2026-01-06T23:00Z===2025-12-11T00:00Z:false
End::2026-01-06T23:30Z===2025-12-11T00:00Z:false
End::2026-01-07T00:00Z===2025-12-11T00:00Z:false
End::2026-01-07T00:30Z===2025-12-11T00:00Z:false
End::2026-01-07T01:00Z===2025-12-11T00:00Z:false
End::2026-01-07T01:30Z===2025-12-11T00:00Z:false
End::2026-01-07T02:00Z===2025-12-11T00:00Z:false
End::2026-01-07T02:30Z===2025-12-11T00:00Z:false
End::2026-01-07T03:00Z===2025-12-11T00:00Z:false
End::2026-01-07T03:30Z===2025-12-11T00:00Z:false
End::2026-01-07T04:00Z===2025-12-11T00:00Z:false
End::2026-01-07T04:30Z===2025-12-11T00:00Z:false
End::2026-01-07T05:00Z===2025-12-11T00:00Z:false
End::2026-01-07T05:30Z===2025-12-11T00:00Z:false
End::2026-01-07T06:00Z===2025-12-11T00:00Z:false
End::2026-01-07T06:30Z===2025-12-11T00:00Z:false
End::2026-01-07T07:00Z===2025-12-11T00:00Z:false
End::2026-01-07T07:30Z===2025-12-11T00:00Z:false
End::2026-01-07T08:00Z===2025-12-11T00:00Z:false
End::2026-01-07T08:30Z===2025-12-11T00:00Z:false
End::2026-01-07T09:00Z===2025-12-11T00:00Z:false
End::2026-01-07T09:30Z===2025-12-11T00:00Z:false
End::2026-01-07T10:00Z===2025-12-11T00:00Z:false
End::2026-01-07T10:30Z===2025-12-11T00:00Z:false
End::2026-01-07T11:00Z===2025-12-11T00:00Z:false
End::2026-01-07T11:30Z===2025-12-11T00:00Z:false
End::2026-01-07T12:00Z===2025-12-11T00:00Z:false
End::2026-01-07T12:30Z===2025-12-11T00:00Z:false
End::2026-01-07T13:00Z===2025-12-11T00:00Z:false
End::2026-01-07T13:30Z===2025-12-11T00:00Z:false
End::2026-01-07T14:00Z===2025-12-11T00:00Z:false
End::2026-01-07T14:30Z===2025-12-11T00:00Z:false
End::2026-01-07T15:00Z===2025-12-11T00:00Z:false
End::2026-01-07T15:30Z===2025-12-11T00:00Z:false
End::2026-01-07T16:00Z===2025-12-11T00:00Z:false
End::2026-01-07T16:30Z===2025-12-11T00:00Z:false
End::2026-01-07T17:00Z===2025-12-11T00:00Z:false
End::2026-01-07T17:30Z===2025-12-11T00:00Z:false
End::2026-01-07T18:00Z===2025-12-11T00:00Z:false
End::2026-01-07T18:30Z===2025-12-11T00:00Z:false
End::2026-01-07T19:00Z===2025-12-11T00:00Z:false
End::2026-01-07T19:30Z===2025-12-11T00:00Z:false
End::2026-01-07T20:00Z===2025-12-11T00:00Z:false
End::2026-01-07T20:30Z===2025-12-11T00:00Z:false
End::2026-01-07T21:00Z===2025-12-11T00:00Z:false
End::2026-01-07T21:30Z===2025-12-11T00:00Z:false
End::2026-01-07T22:00Z===2025-12-11T00:00Z:false
End::2026-01-07T22:30Z===2025-12-11T00:00Z:false
End::2026-01-07T23:00Z===2025-12-11T00:00Z:false
End::2026-01-07T23:30Z===2025-12-11T00:00Z:false
End::2026-01-08T00:00Z===2025-12-11T00:00Z:false
End::2026-01-08T00:30Z===2025-12-11T00:00Z:false
End::2026-01-08T01:00Z===2025-12-11T00:00Z:false
End::2026-01-08T01:30Z===2025-12-11T00:00Z:false
End::2026-01-08T02:00Z===2025-12-11T00:00Z:false
End::2026-01-08T02:30Z===2025-12-11T00:00Z:false
End::2026-01-08T03:00Z===2025-12-11T00:00Z:false
End::2026-01-08T03:30Z===2025-12-11T00:00Z:false
End::2026-01-08T04:00Z===2025-12-11T00:00Z:false
End::2026-01-08T04:30Z===2025-12-11T00:00Z:false
End::2026-01-08T05:00Z===2025-12-11T00:00Z:false
End::2026-01-08T05:30Z===2025-12-11T00:00Z:false
End::2026-01-08T06:00Z===2025-12-11T00:00Z:false
End::2026-01-08T06:30Z===2025-12-11T00:00Z:false
End::2026-01-08T07:00Z===2025-12-11T00:00Z:false
End::2026-01-08T07:30Z===2025-12-11T00:00Z:false
End::2026-01-08T08:00Z===2025-12-11T00:00Z:false
End::2026-01-08T08:30Z===2025-12-11T00:00Z:false
End::2026-01-08T09:00Z===2025-12-11T00:00Z:false
End::2026-01-08T09:30Z===2025-12-11T00:00Z:false
End::2026-01-08T10:00Z===2025-12-11T00:00Z:false
End::2026-01-08T10:30Z===2025-12-11T00:00Z:false
End::2026-01-08T11:00Z===2025-12-11T00:00Z:false
End::2026-01-08T11:30Z===2025-12-11T00:00Z:false
End::2026-01-08T12:00Z===2025-12-11T00:00Z:false
End::2026-01-08T12:30Z===2025-12-11T00:00Z:false
End::2026-01-08T13:00Z===2025-12-11T00:00Z:false
End::2026-01-08T13:30Z===2025-12-11T00:00Z:false
End::2026-01-08T14:00Z===2025-12-11T00:00Z:false
End::2026-01-08T14:30Z===2025-12-11T00:00Z:false
End::2026-01-08T15:00Z===2025-12-11T00:00Z:false
End::2026-01-08T15:30Z===2025-12-11T00:00Z:false
End::2026-01-08T16:00Z===2025-12-11T00:00Z:false
End::2026-01-08T16:30Z===2025-12-11T00:00Z:false
End::2026-01-08T17:00Z===2025-12-11T00:00Z:false
End::2026-01-08T17:30Z===2025-12-11T00:00Z:false
End::2026-01-08T18:00Z===2025-12-11T00:00Z:false
End::2026-01-08T18:30Z===2025-12-11T00:00Z:false
End::2026-01-08T19:00Z===2025-12-11T00:00Z:false
End::2026-01-08T19:30Z===2025-12-11T00:00Z:false
End::2026-01-08T20:00Z===2025-12-11T00:00Z:false
End::2026-01-08T20:30Z===2025-12-11T00:00Z:false
End::2026-01-08T21:00Z===2025-12-11T00:00Z:false
End::2026-01-08T21:30Z===2025-12-11T00:00Z:false
End::2026-01-08T22:00Z===2025-12-11T00:00Z:false
End::2026-01-08T22:30Z===2025-12-11T00:00Z:false
End::2026-01-08T23:00Z===2025-12-11T00:00Z:false
End::2026-01-08T23:30Z===2025-12-11T00:00Z:false
End::2026-01-09T00:00Z===2025-12-11T00:00Z:false
End::2026-01-09T00:30Z===2025-12-11T00:00Z:false
End::2026-01-09T01:00Z===2025-12-11T00:00Z:false
End::2026-01-09T01:30Z===2025-12-11T00:00Z:false
End::2026-01-09T02:00Z===2025-12-11T00:00Z:false
End::2026-01-09T02:30Z===2025-12-11T00:00Z:false
End::2026-01-09T03:00Z===2025-12-11T00:00Z:false
End::2026-01-09T03:30Z===2025-12-11T00:00Z:false
End::2026-01-09T04:00Z===2025-12-11T00:00Z:false
End::2026-01-09T04:30Z===2025-12-11T00:00Z:false
End::2026-01-09T05:00Z===2025-12-11T00:00Z:false
End::2026-01-09T05:30Z===2025-12-11T00:00Z:false
End::2026-01-09T06:00Z===2025-12-11T00:00Z:false
End::2026-01-09T06:30Z===2025-12-11T00:00Z:false
End::2026-01-09T07:00Z===2025-12-11T00:00Z:false
End::2026-01-09T07:30Z===2025-12-11T00:00Z:false
End::2026-01-09T08:00Z===2025-12-11T00:00Z:false
End::2026-01-09T08:30Z===2025-12-11T00:00Z:false
End::2026-01-09T09:00Z===2025-12-11T00:00Z:false
End::2026-01-09T09:30Z===2025-12-11T00:00Z:false
End::2026-01-09T10:00Z===2025-12-11T00:00Z:false
End::2026-01-09T10:30Z===2025-12-11T00:00Z:false
End::2026-01-09T11:00Z===2025-12-11T00:00Z:false
End::2026-01-09T11:30Z===2025-12-11T00:00Z:false
End::2026-01-09T12:00Z===2025-12-11T00:00Z:false
End::2026-01-09T12:30Z===2025-12-11T00:00Z:false
End::2026-01-09T13:00Z===2025-12-11T00:00Z:false
End::2026-01-09T13:30Z===2025-12-11T00:00Z:false
End::2026-01-09T14:00Z===2025-12-11T00:00Z:false
End::2026-01-09T14:30Z===2025-12-11T00:00Z:false
End::2026-01-09T15:00Z===2025-12-11T00:00Z:false
End::2026-01-09T15:30Z===2025-12-11T00:00Z:false
End::2026-01-09T16:00Z===2025-12-11T00:00Z:false
End::2026-01-09T16:30Z===2025-12-11T00:00Z:false
End::2026-01-09T17:00Z===2025-12-11T00:00Z:false
End::2026-01-09T17:30Z===2025-12-11T00:00Z:false
End::2026-01-09T18:00Z===2025-12-11T00:00Z:false
End::2026-01-09T18:30Z===2025-12-11T00:00Z:false
End::2026-01-09T19:00Z===2025-12-11T00:00Z:false
End::2026-01-09T19:30Z===2025-12-11T00:00Z:false
End::2026-01-09T20:00Z===2025-12-11T00:00Z:false
End::2026-01-09T20:30Z===2025-12-11T00:00Z:false
End::2026-01-09T21:00Z===2025-12-11T00:00Z:false
End::2026-01-09T21:30Z===2025-12-11T00:00Z:false
End::2026-01-09T22:00Z===2025-12-11T00:00Z:false
End::2026-01-09T22:30Z===2025-12-11T00:00Z:false
End::2026-01-09T23:00Z===2025-12-11T00:00Z:false
End::2026-01-09T23:30Z===2025-12-11T00:00Z:false
End::2026-01-10T00:00Z===2025-12-11T00:00Z:false
End::2026-01-10T00:30Z===2025-12-11T00:00Z:false
End::2026-01-10T01:00Z===2025-12-11T00:00Z:false
End::2026-01-10T01:30Z===2025-12-11T00:00Z:false
End::2026-01-10T02:00Z===2025-12-11T00:00Z:false
End::2026-01-10T02:30Z===2025-12-11T00:00Z:false
End::2026-01-10T03:00Z===2025-12-11T00:00Z:false
End::2026-01-10T03:30Z===2025-12-11T00:00Z:false
End::2026-01-10T04:00Z===2025-12-11T00:00Z:false
End::2026-01-10T04:30Z===2025-12-11T00:00Z:false
End::2026-01-10T05:00Z===2025-12-11T00:00Z:false
End::2026-01-10T05:30Z===2025-12-11T00:00Z:false
End::2026-01-10T06:00Z===2025-12-11T00:00Z:false
End::2026-01-10T06:30Z===2025-12-11T00:00Z:false
End::2026-01-10T07:00Z===2025-12-11T00:00Z:false
End::2026-01-10T07:30Z===2025-12-11T00:00Z:false
End::2026-01-10T08:00Z===2025-12-11T00:00Z:false
End::2026-01-10T08:30Z===2025-12-11T00:00Z:false
End::2026-01-10T09:00Z===2025-12-11T00:00Z:false
End::2026-01-10T09:30Z===2025-12-11T00:00Z:false
End::2026-01-10T10:00Z===2025-12-11T00:00Z:false
End::2026-01-10T10:30Z===2025-12-11T00:00Z:false
End::2026-01-10T11:00Z===2025-12-11T00:00Z:false
End::2026-01-10T11:30Z===2025-12-11T00:00Z:false
End::2026-01-10T12:00Z===2025-12-11T00:00Z:false
End::2026-01-10T12:30Z===2025-12-11T00:00Z:false
End::2026-01-10T13:00Z===2025-12-11T00:00Z:false
End::2026-01-10T13:30Z===2025-12-11T00:00Z:false
End::2026-01-10T14:00Z===2025-12-11T00:00Z:false
End::2026-01-10T14:30Z===2025-12-11T00:00Z:false
End::2026-01-10T15:00Z===2025-12-11T00:00Z:false
End::2026-01-10T15:30Z===2025-12-11T00:00Z:false
End::2026-01-10T16:00Z===2025-12-11T00:00Z:false
End::2026-01-10T16:30Z===2025-12-11T00:00Z:false
End::2026-01-10T17:00Z===2025-12-11T00:00Z:false
End::2026-01-10T17:30Z===2025-12-11T00:00Z:false
End::2026-01-10T18:00Z===2025-12-11T00:00Z:false
End::2026-01-10T18:30Z===2025-12-11T00:00Z:false
End::2026-01-10T19:00Z===2025-12-11T00:00Z:false
End::2026-01-10T19:30Z===2025-12-11T00:00Z:false
End::2026-01-10T20:00Z===2025-12-11T00:00Z:false
End::2026-01-10T20:30Z===2025-12-11T00:00Z:false
End::2026-01-10T21:00Z===2025-12-11T00:00Z:false
End::2026-01-10T21:30Z===2025-12-11T00:00Z:false
End::2026-01-10T22:00Z===2025-12-11T00:00Z:false
End::2026-01-10T22:30Z===2025-12-11T00:00Z:false
End::2026-01-10T23:00Z===2025-12-11T00:00Z:false
End::2026-01-10T23:30Z===2025-12-11T00:00Z:false
End::2026-01-11T00:00Z===2025-12-11T00:00Z:false
End::2026-01-11T00:30Z===2025-12-11T00:00Z:false
End::2026-01-11T01:00Z===2025-12-11T00:00Z:false
End::2026-01-11T01:30Z===2025-12-11T00:00Z:false
End::2026-01-11T02:00Z===2025-12-11T00:00Z:false
End::2026-01-11T02:30Z===2025-12-11T00:00Z:false
End::2026-01-11T03:00Z===2025-12-11T00:00Z:false
End::2026-01-11T03:30Z===2025-12-11T00:00Z:false
End::2026-01-11T04:00Z===2025-12-11T00:00Z:false
End::2026-01-11T04:30Z===2025-12-11T00:00Z:false
End::2026-01-11T05:00Z===2025-12-11T00:00Z:false
End::2026-01-11T05:30Z===2025-12-11T00:00Z:false
End::2026-01-11T06:00Z===2025-12-11T00:00Z:false
End::2026-01-11T06:30Z===2025-12-11T00:00Z:false
End::2026-01-11T07:00Z===2025-12-11T00:00Z:false
End::2026-01-11T07:30Z===2025-12-11T00:00Z:false
End::2026-01-11T08:00Z===2025-12-11T00:00Z:false
End::2026-01-11T08:30Z===2025-12-11T00:00Z:false
End::2026-01-11T09:00Z===2025-12-11T00:00Z:false
End::2026-01-11T09:30Z===2025-12-11T00:00Z:false
End::2026-01-11T10:00Z===2025-12-11T00:00Z:false
End::2026-01-11T10:30Z===2025-12-11T00:00Z:false
End::2026-01-11T11:00Z===2025-12-11T00:00Z:false
End::2026-01-11T11:30Z===2025-12-11T00:00Z:false
End::2026-01-11T12:00Z===2025-12-11T00:00Z:false
End::2026-01-11T12:30Z===2025-12-11T00:00Z:false
End::2026-01-11T13:00Z===2025-12-11T00:00Z:false
End::2026-01-11T13:30Z===2025-12-11T00:00Z:false
End::2026-01-11T14:00Z===2025-12-11T00:00Z:false
End::2026-01-11T14:30Z===2025-12-11T00:00Z:false
End::2026-01-11T15:00Z===2025-12-11T00:00Z:false
End::2026-01-11T15:30Z===2025-12-11T00:00Z:false
End::2026-01-11T16:00Z===2025-12-11T00:00Z:false
End::2026-01-11T16:30Z===2025-12-11T00:00Z:false
[...]
End::2026-02-01T05:00Z===2025-12-10T23:00Z:false
End::2026-02-01T05:30Z===2025-12-10T23:00Z:false
End::2026-02-01T06:00Z===2025-12-10T23:00Z:false
End::2026-02-01T06:30Z===2025-12-10T23:00Z:false
End::2026-02-01T07:00Z===2025-12-10T23:00Z:false
End::2026-02-01T07:30Z===2025-12-10T23:00Z:false
End::2026-02-01T08:00Z===2025-12-10T23:00Z:false
End::2026-02-01T08:30Z===2025-12-10T23:00Z:false
End::2026-02-01T09:00Z===2025-12-10T23:00Z:false
End::2026-02-01T09:30Z===2025-12-10T23:00Z:false
End::2026-02-01T10:00Z===2025-12-10T23:00Z:false
End::2026-02-01T10:30Z===2025-12-10T23:00Z:false
End::2026-02-01T11:00Z===2025-12-10T23:00Z:false
End::2026-02-01T11:30Z===2025-12-10T23:00Z:false
End::2026-02-01T12:00Z===2025-12-10T23:00Z:false
End::2026-02-01T12:30Z===2025-12-10T23:00Z:false
End::2026-02-01T13:00Z===2025-12-10T23:00Z:false
End::2026-02-01T13:30Z===2025-12-10T23:00Z:false
End::2026-02-01T14:00Z===2025-12-10T23:00Z:false
End::2026-02-01T14:30Z===2025-12-10T23:00Z:false
End::2026-02-01T15:00Z===2025-12-10T23:00Z:false
End::2026-02-01T15:30Z===2025-12-10T23:00Z:false
End::2026-02-01T16:00Z===2025-12-10T23:00Z:false
End::2026-02-01T16:30Z===2025-12-10T23:00Z:false
End::2026-02-01T17:00Z===2025-12-10T23:00Z:false
End::2026-02-01T17:30Z===2025-12-10T23:00Z:false
End::2026-02-01T18:00Z===2025-12-10T23:00Z:false
End::2026-02-01T18:30Z===2025-12-10T23:00Z:false
End::2026-02-01T19:00Z===2025-12-10T23:00Z:false
End::2026-02-01T19:30Z===2025-12-10T23:00Z:false
End::2026-02-01T20:00Z===2025-12-10T23:00Z:false
End::2026-02-01T20:30Z===2025-12-10T23:00Z:false
End::2026-02-01T21:00Z===2025-12-10T23:00Z:false
End::2026-02-01T21:30Z===2025-12-10T23:00Z:false
End::2026-02-01T22:00Z===2025-12-10T23:00Z:false
End::2026-02-01T22:30Z===2025-12-10T23:00Z:false
End::2026-02-01T23:00Z===2025-12-10T23:00Z:false
End::2026-02-01T23:30Z===2025-12-10T23:00Z:false
End::2026-02-02T00:00Z===2025-12-10T23:00Z:false
End::2026-02-02T00:30Z===2025-12-10T23:00Z:false
End::2026-02-02T01:00Z===2025-12-10T23:00Z:false
End::2026-02-02T01:30Z===2025-12-10T23:00Z:false
End::2026-02-02T02:00Z===2025-12-10T23:00Z:false
End::2026-02-02T02:30Z===2025-12-10T23:00Z:false
End::2026-02-02T03:00Z===2025-12-10T23:00Z:false
End::2026-02-02T03:30Z===2025-12-10T23:00Z:false
End::2026-02-02T04:00Z===2025-12-10T23:00Z:false
End::2026-02-02T04:30Z===2025-12-10T23:00Z:false
End::2026-02-02T05:00Z===2025-12-10T23:00Z:false
End::2026-02-02T05:30Z===2025-12-10T23:00Z:false
End::2026-02-02T06:00Z===2025-12-10T23:00Z:false
End::2026-02-02T06:30Z===2025-12-10T23:00Z:false
End::2026-02-02T07:00Z===2025-12-10T23:00Z:false
End::2026-02-02T07:30Z===2025-12-10T23:00Z:false
End::2026-02-02T08:00Z===2025-12-10T23:00Z:false
End::2026-02-02T08:30Z===2025-12-10T23:00Z:false
End::2026-02-02T09:00Z===2025-12-10T23:00Z:false
End::2026-02-02T09:30Z===2025-12-10T23:00Z:false
End::2026-02-02T10:00Z===2025-12-10T23:00Z:false
End::2026-02-02T10:30Z===2025-12-10T23:00Z:false
End::2026-02-02T11:00Z===2025-12-10T23:00Z:false
End::2026-02-02T11:30Z===2025-12-10T23:00Z:false
End::2026-02-02T12:00Z===2025-12-10T23:00Z:false
End::2026-02-02T12:30Z===2025-12-10T23:00Z:false
End::2026-02-02T13:00Z===2025-12-10T23:00Z:false
End::2026-02-02T13:30Z===2025-12-10T23:00Z:false
End::2026-02-02T14:00Z===2025-12-10T23:00Z:false
End::2026-02-02T14:30Z===2025-12-10T23:00Z:false
End::2026-02-02T15:00Z===2025-12-10T23:00Z:false
End::2026-02-02T15:30Z===2025-12-10T23:00Z:false
End::2026-02-02T16:00Z===2025-12-10T23:00Z:false
End::2026-02-02T16:30Z===2025-12-10T23:00Z:false
End::2026-02-02T17:00Z===2025-12-10T23:00Z:false
End::2026-02-02T17:30Z===2025-12-10T23:00Z:false
End::2026-02-02T18:00Z===2025-12-10T23:00Z:false
End::2026-02-02T18:30Z===2025-12-10T23:00Z:false
End::2026-02-02T19:00Z===2025-12-10T23:00Z:false
End::2026-02-02T19:30Z===2025-12-10T23:00Z:false
End::2026-02-02T20:00Z===2025-12-10T23:00Z:false
End::2026-02-02T20:30Z===2025-12-10T23:00Z:false
End::2026-02-02T21:00Z===2025-12-10T23:00Z:false
End::2026-02-02T21:30Z===2025-12-10T23:00Z:false
End::2026-02-02T22:00Z===2025-12-10T23:00Z:false
End::2026-02-02T22:30Z===2025-12-10T23:00Z:false
End::2026-02-02T23:00Z===2025-12-10T23:00Z:false
End::2026-02-02T23:30Z===2025-12-10T23:00Z:false
End::2026-02-03T00:00Z===2025-12-10T23:00Z:false
End::2026-02-03T00:30Z===2025-12-10T23:00Z:false
End::2026-02-03T01:00Z===2025-12-10T23:00Z:false
End::2026-02-03T01:30Z===2025-12-10T23:00Z:false
End::2026-02-03T02:00Z===2025-12-10T23:00Z:false
End::2026-02-03T02:30Z===2025-12-10T23:00Z:false
End::2026-02-03T03:00Z===2025-12-10T23:00Z:false
End::2026-02-03T03:30Z===2025-12-10T23:00Z:false
End::2026-02-03T04:00Z===2025-12-10T23:00Z:false
End::2026-02-03T04:30Z===2025-12-10T23:00Z:false
End::2026-02-03T05:00Z===2025-12-10T23:00Z:false
End::2026-02-03T05:30Z===2025-12-10T23:00Z:false
End::2026-02-03T06:00Z===2025-12-10T23:00Z:false
End::2026-02-03T06:30Z===2025-12-10T23:00Z:false
End::2026-02-03T07:00Z===2025-12-10T23:00Z:false
End::2026-02-03T07:30Z===2025-12-10T23:00Z:false
End::2026-02-03T08:00Z===2025-12-10T23:00Z:false
End::2026-02-03T08:30Z===2025-12-10T23:00Z:false
End::2026-02-03T09:00Z===2025-12-10T23:00Z:false
End::2026-02-03T09:30Z===2025-12-10T23:00Z:false
End::2026-02-03T10:00Z===2025-12-10T23:00Z:false
End::2026-02-03T10:30Z===2025-12-10T23:00Z:false
End::2026-02-03T11:00Z===2025-12-10T23:00Z:false
End::2026-02-03T11:30Z===2025-12-10T23:00Z:false
End::2026-02-03T12:00Z===2025-12-10T23:00Z:false
End::2026-02-03T12:30Z===2025-12-10T23:00Z:false
End::2026-02-03T13:00Z===2025-12-10T23:00Z:false
End::2026-02-03T13:30Z===2025-12-10T23:00Z:false
End::2026-02-03T14:00Z===2025-12-10T23:00Z:false
End::2026-02-03T14:30Z===2025-12-10T23:00Z:false
End::2026-02-03T15:00Z===2025-12-10T23:00Z:false
End::2026-02-03T15:30Z===2025-12-10T23:00Z:false
End::2026-02-03T16:00Z===2025-12-10T23:00Z:false
End::2026-02-03T16:30Z===2025-12-10T23:00Z:false
End::2026-02-03T17:00Z===2025-12-10T23:00Z:false
End::2026-02-03T17:30Z===2025-12-10T23:00Z:false
End::2026-02-03T18:00Z===2025-12-10T23:00Z:false
End::2026-02-03T18:30Z===2025-12-10T23:00Z:false
End::2026-02-03T19:00Z===2025-12-10T23:00Z:false
End::2026-02-03T19:30Z===2025-12-10T23:00Z:false
End::2026-02-03T20:00Z===2025-12-10T23:00Z:false
End::2026-02-03T20:30Z===2025-12-10T23:00Z:false
End::2026-02-03T21:00Z===2025-12-10T23:00Z:false
End::2026-02-03T21:30Z===2025-12-10T23:00Z:false
End::2026-02-03T22:00Z===2025-12-10T23:00Z:false
End::2026-02-03T22:30Z===2025-12-10T23:00Z:false
End::2026-02-03T23:00Z===2025-12-10T23:00Z:false
End::2026-02-03T23:30Z===2025-12-10T23:00Z:false
End::2026-02-04T00:00Z===2025-12-10T23:00Z:false
End::2026-02-04T00:30Z===2025-12-10T23:00Z:false
End::2026-02-04T01:00Z===2025-12-10T23:00Z:false
End::2026-02-04T01:30Z===2025-12-10T23:00Z:false
End::2026-02-04T02:00Z===2025-12-10T23:00Z:false
End::2026-02-04T02:30Z===2025-12-10T23:00Z:false
End::2026-02-04T03:00Z===2025-12-10T23:00Z:false
End::2026-02-04T03:30Z===2025-12-10T23:00Z:false
End::2026-02-04T04:00Z===2025-12-10T23:00Z:false
End::2026-02-04T04:30Z===2025-12-10T23:00Z:false
End::2026-02-04T05:00Z===2025-12-10T23:00Z:false
End::2026-02-04T05:30Z===2025-12-10T23:00Z:false
End::2026-02-04T06:00Z===2025-12-10T23:00Z:false
End::2026-02-04T06:30Z===2025-12-10T23:00Z:false
End::2026-02-04T07:00Z===2025-12-10T23:00Z:false
End::2026-02-04T07:30Z===2025-12-10T23:00Z:false
End::2026-02-04T08:00Z===2025-12-10T23:00Z:false
End::2026-02-04T08:30Z===2025-12-10T23:00Z:false
End::2026-02-04T09:00Z===2025-12-10T23:00Z:false
End::2026-02-04T09:30Z===2025-12-10T23:00Z:false
End::2026-02-04T10:00Z===2025-12-10T23:00Z:false
End::2026-02-04T10:30Z===2025-12-10T23:00Z:false
End::2026-02-04T11:00Z===2025-12-10T23:00Z:false
End::2026-02-04T11:30Z===2025-12-10T23:00Z:false
End::2026-02-04T12:00Z===2025-12-10T23:00Z:false
End::2026-02-04T12:30Z===2025-12-10T23:00Z:false
End::2026-02-04T13:00Z===2025-12-10T23:00Z:false
End::2026-02-04T13:30Z===2025-12-10T23:00Z:false
End::2026-02-04T14:00Z===2025-12-10T23:00Z:false
End::2026-02-04T14:30Z===2025-12-10T23:00Z:false
End::2026-02-04T15:00Z===2025-12-10T23:00Z:false
End::2026-02-04T15:30Z===2025-12-10T23:00Z:false
End::2026-02-04T16:00Z===2025-12-10T23:00Z:false
End::2026-02-04T16:30Z===2025-12-10T23:00Z:false
End::2026-02-04T17:00Z===2025-12-10T23:00Z:false
End::2026-02-04T17:30Z===2025-12-10T23:00Z:false
End::2026-02-04T18:00Z===2025-12-10T23:00Z:false
End::2026-02-04T18:30Z===2025-12-10T23:00Z:false
End::2026-02-04T19:00Z===2025-12-10T23:00Z:false
End::2026-02-04T19:30Z===2025-12-10T23:00Z:false
End::2026-02-04T20:00Z===2025-12-10T23:00Z:false
End::2026-02-04T20:30Z===2025-12-10T23:00Z:false
End::2026-02-04T21:00Z===2025-12-10T23:00Z:false
End::2026-02-04T21:30Z===2025-12-10T23:00Z:false
End::2026-02-04T22:00Z===2025-12-10T23:00Z:false
End::2026-02-04T22:30Z===2025-12-10T23:00Z:false
End::2026-02-04T23:00Z===2025-12-10T23:00Z:false
End::2026-02-04T23:30Z===2025-12-10T23:00Z:false
End::2026-02-05T00:00Z===2025-12-10T23:00Z:false
End::2026-02-05T00:30Z===2025-12-10T23:00Z:false
End::2026-02-05T01:00Z===2025-12-10T23:00Z:false
End::2026-02-05T01:30Z===2025-12-10T23:00Z:false
End::2026-02-05T02:00Z===2025-12-10T23:00Z:false
End::2026-02-05T02:30Z===2025-12-10T23:00Z:false
End::2026-02-05T03:00Z===2025-12-10T23:00Z:false
End::2026-02-05T03:30Z===2025-12-10T23:00Z:false
End::2026-02-05T04:00Z===2025-12-10T23:00Z:false
End::2026-02-05T04:30Z===2025-12-10T23:00Z:false
End::2026-02-05T05:00Z===2025-12-10T23:00Z:false
End::2026-02-05T05:30Z===2025-12-10T23:00Z:false
End::2026-02-05T06:00Z===2025-12-10T23:00Z:false
End::2026-02-05T06:30Z===2025-12-10T23:00Z:false
End::2026-02-05T07:00Z===2025-12-10T23:00Z:false
End::2026-02-05T07:30Z===2025-12-10T23:00Z:false
End::2026-02-05T08:00Z===2025-12-10T23:00Z:false
End::2026-02-05T08:30Z===2025-12-10T23:00Z:false
End::2026-02-05T09:00Z===2025-12-10T23:00Z:false
End::2026-02-05T09:30Z===2025-12-10T23:00Z:false
End::2026-02-05T10:00Z===2025-12-10T23:00Z:false
End::2026-02-05T10:30Z===2025-12-10T23:00Z:false
End::2026-02-05T11:00Z===2025-12-10T23:00Z:false
End::2026-02-05T11:30Z===2025-12-10T23:00Z:false
End::2026-02-05T12:00Z===2025-12-10T23:00Z:false
End::2026-02-05T12:30Z===2025-12-10T23:00Z:false
End::2026-02-05T13:00Z===2025-12-10T23:00Z:false
End::2026-02-05T13:30Z===2025-12-10T23:00Z:false
End::2026-02-05T14:00Z===2025-12-10T23:00Z:false
End::2026-02-05T14:30Z===2025-12-10T23:00Z:false
End::2026-02-05T15:00Z===2025-12-10T23:00Z:false
End::2026-02-05T15:30Z===2025-12-10T23:00Z:false
End::2026-02-05T16:00Z===2025-12-10T23:00Z:false
End::2026-02-05T16:30Z===2025-12-10T23:00Z:false
End::2026-02-05T17:00Z===2025-12-10T23:00Z:false
End::2026-02-05T17:30Z===2025-12-10T23:00Z:false
End::2026-02-05T18:00Z===2025-12-10T23:00Z:false
End::2026-02-05T18:30Z===2025-12-10T23:00Z:false
End::2026-02-05T19:00Z===2025-12-10T23:00Z:false
End::2026-02-05T19:30Z===2025-12-10T23:00Z:false
End::2026-02-05T20:00Z===2025-12-10T23:00Z:false
End::2026-02-05T20:30Z===2025-12-10T23:00Z:false
End::2026-02-05T21:00Z===2025-12-10T23:00Z:false
End::2026-02-05T21:30Z===2025-12-10T23:00Z:false
End::2026-02-05T22:00Z===2025-12-10T23:00Z:false
End::2026-02-05T22:30Z===2025-12-10T23:00Z:false
End::2026-02-05T23:00Z===2025-12-10T23:00Z:false
End::2026-02-05T23:30Z===2025-12-10T23:00Z:false
End::2026-02-06T00:00Z===2025-12-10T23:00Z:false
End::2026-02-06T00:30Z===2025-12-10T23:00Z:false
End::2026-02-06T01:00Z===2025-12-10T23:00Z:false
End::2026-02-06T01:30Z===2025-12-10T23:00Z:false
End::2026-02-06T02:00Z===2025-12-10T23:00Z:false
End::2026-02-06T02:30Z===2025-12-10T23:00Z:false
End::2026-02-06T03:00Z===2025-12-10T23:00Z:false
End::2026-02-06T03:30Z===2025-12-10T23:00Z:false
End::2026-02-06T04:00Z===2025-12-10T23:00Z:false
End::2026-02-06T04:30Z===2025-12-10T23:00Z:false
End::2026-02-06T05:00Z===2025-12-10T23:00Z:false
End::2026-02-06T05:30Z===2025-12-10T23:00Z:false
End::2026-02-06T06:00Z===2025-12-10T23:00Z:false
End::2026-02-06T06:30Z===2025-12-10T23:00Z:false
End::2026-02-06T07:00Z===2025-12-10T23:00Z:false
End::2026-02-06T07:30Z===2025-12-10T23:00Z:false
End::2026-02-06T08:00Z===2025-12-10T23:00Z:false
End::2026-02-06T08:30Z===2025-12-10T23:00Z:false
End::2026-02-06T09:00Z===2025-12-10T23:00Z:false
End::2026-02-06T09:30Z===2025-12-10T23:00Z:false
End::2026-02-06T10:00Z===2025-12-10T23:00Z:false
End::2026-02-06T10:30Z===2025-12-10T23:00Z:false
End::2026-02-06T11:00Z===2025-12-10T23:00Z:false
End::2026-02-06T11:30Z===2025-12-10T23:00Z:false
End::2026-02-06T12:00Z===2025-12-10T23:00Z:false
End::2026-02-06T12:30Z===2025-12-10T23:00Z:false
End::2026-02-06T13:00Z===2025-12-10T23:00Z:false
End::2026-02-06T13:30Z===2025-12-10T23:00Z:false
End::2026-02-06T14:00Z===2025-12-10T23:00Z:false
End::2026-02-06T14:30Z===2025-12-10T23:00Z:false
End::2026-02-06T15:00Z===2025-12-10T23:00Z:false
End::2026-02-06T15:30Z===2025-12-10T23:00Z:false
End::2026-02-06T16:00Z===2025-12-10T23:00Z:false
End::2026-02-06T16:30Z===2025-12-10T23:00Z:false
End::2026-02-06T17:00Z===2025-12-10T23:00Z:false
End::2026-02-06T17:30Z===2025-12-10T23:00Z:false
End::2026-02-06T18:00Z===2025-12-10T23:00Z:false
End::2026-02-06T18:30Z===2025-12-10T23:00Z:false
End::2026-02-06T19:00Z===2025-12-10T23:00Z:false
End::2026-02-06T19:30Z===2025-12-10T23:00Z:false
End::2026-02-06T20:00Z===2025-12-10T23:00Z:false
End::2026-02-06T20:30Z===2025-12-10T23:00Z:false
End::2026-02-06T21:00Z===2025-12-10T23:00Z:false
End::2026-02-06T21:30Z===2025-12-10T23:00Z:false
End::2026-02-06T22:00Z===2025-12-10T23:00Z:false
End::2026-02-06T22:30Z===2025-12-10T23:00Z:false
End::2026-02-06T23:00Z===2025-12-10T23:00Z:false
End::2026-02-06T23:30Z===2025-12-10T23:00Z:false
End::2026-02-07T00:00Z===2025-12-10T23:00Z:false
End::2026-02-07T00:30Z===2025-12-10T23:00Z:false
End::2026-02-07T01:00Z===2025-12-10T23:00Z:false
End::2026-02-07T01:30Z===2025-12-10T23:00Z:false
End::2026-02-07T02:00Z===2025-12-10T23:00Z:false
End::2026-02-07T02:30Z===2025-12-10T23:00Z:false
End::2026-02-07T03:00Z===2025-12-10T23:00Z:false
End::2026-02-07T03:30Z===2025-12-10T23:00Z:false
End::2026-02-07T04:00Z===2025-12-10T23:00Z:false
End::2026-02-07T04:30Z===2025-12-10T23:00Z:false
End::2026-02-07T05:00Z===2025-12-10T23:00Z:false
End::2026-02-07T05:30Z===2025-12-10T23:00Z:false
End::2026-02-07T06:00Z===2025-12-10T23:00Z:false
End::2026-02-07T06:30Z===2025-12-10T23:00Z:false
End::2026-02-07T07:00Z===2025-12-10T23:00Z:false
End::2026-02-07T07:30Z===2025-12-10T23:00Z:false
End::2026-02-07T08:00Z===2025-12-10T23:00Z:false
End::2026-02-07T08:30Z===2025-12-10T23:00Z:false
End::2026-02-07T09:00Z===2025-12-10T23:00Z:false
End::2026-02-07T09:30Z===2025-12-10T23:00Z:false
End::2026-02-07T10:00Z===2025-12-10T23:00Z:false
End::2026-02-07T10:30Z===2025-12-10T23:00Z:false
End::2026-02-07T11:00Z===2025-12-10T23:00Z:false
End::2026-02-07T11:30Z===2025-12-10T23:00Z:false
End::2026-02-07T12:00Z===2025-12-10T23:00Z:false
End::2026-02-07T12:30Z===2025-12-10T23:00Z:false
End::2026-02-07T13:00Z===2025-12-10T23:00Z:false
End::2026-02-07T13:30Z===2025-12-10T23:00Z:false
End::2026-02-07T14:00Z===2025-12-10T23:00Z:false
End::2026-02-07T14:30Z===2025-12-10T23:00Z:false
End::2026-02-07T15:00Z===2025-12-10T23:00Z:false
End::2026-02-07T15:30Z===2025-12-10T23:00Z:false
End::2026-02-07T16:00Z===2025-12-10T23:00Z:false
End::2026-02-07T16:30Z===2025-12-10T23:00Z:false
End::2026-02-07T17:00Z===2025-12-10T23:00Z:false
End::2026-02-07T17:30Z===2025-12-10T23:00Z:false
End::2026-02-07T18:00Z===2025-12-10T23:00Z:false
End::2026-02-07T18:30Z===2025-12-10T23:00Z:false
End::2026-02-07T19:00Z===2025-12-10T23:00Z:false
End::2026-02-07T19:30Z===2025-12-10T23:00Z:false
End::2026-02-07T20:00Z===2025-12-10T23:00Z:false
End::2026-02-07T20:30Z===2025-12-10T23:00Z:false
End::2026-02-07T21:00Z===2025-12-10T23:00Z:false
End::2026-02-07T21:30Z===2025-12-10T23:00Z:false
End::2026-02-07T22:00Z===2025-12-10T23:00Z:false
End::2026-02-07T22:30Z===2025-12-10T23:00Z:false
End::2026-02-07T23:00Z===2025-12-10T23:00Z:false
End::2026-02-07T23:30Z===2025-12-10T23:00Z:false
End::2026-02-08T00:00Z===2025-12-10T23:00Z:false
End::2026-02-08T00:30Z===2025-12-10T23:00Z:false
End::2026-02-08T01:00Z===2025-12-10T23:00Z:false
End::2026-02-08T01:30Z===2025-12-10T23:00Z:false
End::2026-02-08T02:00Z===2025-12-10T23:00Z:false
End::2026-02-08T02:30Z===2025-12-10T23:00Z:false
End::2026-02-08T03:00Z===2025-12-10T23:00Z:false
End::2026-02-08T03:30Z===2025-12-10T23:00Z:false
End::2026-02-08T04:00Z===2025-12-10T23:00Z:false
End::2026-02-08T04:30Z===2025-12-10T23:00Z:false
End::2026-02-08T05:00Z===2025-12-10T23:00Z:false
End::2026-02-08T05:30Z===2025-12-10T23:00Z:false
End::2026-02-08T06:00Z===2025-12-10T23:00Z:false
End::2026-02-08T06:30Z===2025-12-10T23:00Z:false
End::2026-02-08T07:00Z===2025-12-10T23:00Z:false
End::2026-02-08T07:30Z===2025-12-10T23:00Z:false
End::2026-02-08T08:00Z===2025-12-10T23:00Z:false
End::2026-02-08T08:30Z===2025-12-10T23:00Z:false
End::2026-02-08T09:00Z===2025-12-10T23:00Z:false
End::2026-02-08T09:30Z===2025-12-10T23:00Z:false
End::2026-02-08T10:00Z===2025-12-10T23:00Z:false
End::2026-02-08T10:30Z===2025-12-10T23:00Z:false
End::2026-02-08T11:00Z===2025-12-10T23:00Z:false
End::2026-02-08T11:30Z===2025-12-10T23:00Z:false
End::2026-02-08T12:00Z===2025-12-10T23:00Z:false
End::2026-02-08T12:30Z===2025-12-10T23:00Z:false
End::2026-02-08T13:00Z===2025-12-10T23:00Z:false
End::2026-02-08T13:30Z===2025-12-10T23:00Z:false
End::2026-02-08T14:00Z===2025-12-10T23:00Z:false
End::2026-02-08T14:30Z===2025-12-10T23:00Z:false
End::2026-02-08T15:00Z===2025-12-10T23:00Z:false
End::2026-02-08T15:30Z===2025-12-10T23:00Z:false
End::2026-02-08T16:00Z===2025-12-10T23:00Z:false
End::2026-02-08T16:30Z===2025-12-10T23:00Z:false
End::2026-02-08T17:00Z===2025-12-10T23:00Z:false
End::2026-02-08T17:30Z===2025-12-10T23:00Z:false
End::2026-02-08T18:00Z===2025-12-10T23:00Z:false
End::2026-02-08T18:30Z===2025-12-10T23:00Z:false
End::2026-02-08T19:00Z===2025-12-10T23:00Z:false
End::2026-02-08T19:30Z===2025-12-10T23:00Z:false
End::2026-02-08T20:00Z===2025-12-10T23:00Z:false
End::2026-02-08T20:30Z===2025-12-10T23:00Z:false
End::2026-02-08T21:00Z===2025-12-10T23:00Z:false
End::2026-02-08T21:30Z===2025-12-10T23:00Z:false
End::2026-02-08T22:00Z===2025-12-10T23:00Z:false
End::2026-02-08T22:30Z===2025-12-10T23:00Z:false
End::2026-02-08T23:00Z===2025-12-10T23:00Z:false
End::2026-02-08T23:30Z===2025-12-10T23:00Z:false
End::2026-02-09T00:00Z===2025-12-10T23:00Z:false
End::2026-02-09T00:30Z===2025-12-10T23:00Z:false
End::2026-02-09T01:00Z===2025-12-10T23:00Z:false
End::2026-02-09T01:30Z===2025-12-10T23:00Z:false
End::2026-02-09T02:00Z===2025-12-10T23:00Z:false
End::2026-02-09T02:30Z===2025-12-10T23:00Z:false
End::2026-02-09T03:00Z===2025-12-10T23:00Z:false
End::2026-02-09T03:30Z===2025-12-10T23:00Z:false
End::2026-02-09T04:00Z===2025-12-10T23:00Z:false
End::2026-02-09T04:30Z===2025-12-10T23:00Z:false
End::2026-02-09T05:00Z===2025-12-10T23:00Z:false
End::2026-02-09T05:30Z===2025-12-10T23:00Z:false
End::2026-02-09T06:00Z===2025-12-10T23:00Z:false
End::2026-02-09T06:30Z===2025-12-10T23:00Z:false
End::2026-02-09T07:00Z===2025-12-10T23:00Z:false
End::2026-02-09T07:30Z===2025-12-10T23:00Z:false
End::2026-02-09T08:00Z===2025-12-10T23:00Z:false
End::2026-02-09T08:30Z===2025-12-10T23:00Z:false
End::2026-02-09T09:00Z===2025-12-10T23:00Z:false
End::2026-02-09T09:30Z===2025-12-10T23:00Z:false
End::2026-02-09T10:00Z===2025-12-10T23:00Z:false
End::2026-02-09T10:30Z===2025-12-10T23:00Z:false
End::2026-02-09T11:00Z===2025-12-10T23:00Z:false
End::2026-02-09T11:30Z===2025-12-10T23:00Z:false
Execution : groupIntervalsByDate
keyset: [343, 344]
daykey: 343
Execution : calculateAverageValues
hydro:0.1
other:0.1
biomass:0.1
imports:0.1
gas:0.1
solar:0.1
coal:0.1
nuclear:0.1
wind:0.1
Execution : calculateCleanEnergyPercent
daykey: 344
Execution : calculateAverageValues
hydro:0.1
other:0.1
biomass:0.1
imports:0.1
gas:0.1
solar:0.1
coal:0.1
nuclear:0.1
wind:0.1
Execution : calculateCleanEnergyPercent
Createed output ogject
]]></system-out>
  </testcase>
</testsuite>