<?xml version="1.0" encoding="UTF-8"?>
<testsuite xmlns:xsi="http://www.w3.org/2001/XMLSchema-instance" xsi:noNamespaceSchemaLocation="https://maven.apache.org/surefire/maven-surefire-plugin/xsd/surefire-test-report.xsd" version="3.0.2" name="com.demo.UnitTests" time="0.652" tests="9" errors="1" skipped="0" failures="0">
  <properties>
[...]
</properties>
  <testcase name="testCalculateCleanEnergyPercent" classname="com.demo.UnitTests" time="0.047">
    <system-out><![CDATA[Initializing test API repository
Execution : getIntervalOfEnergyMix
URL:null
unknown protocol: null2026-02-20t10
]]></system-out>
  </testcase>
  <testcase name="testgenerationReduction" classname="com.demo.UnitTests" time="0.017">
    <system-out><![CDATA[Initializing test API repository
Execution : getIntervalOfEnergyMix
URL:null
unknown protocol: null2026-02-20t10
]]></system-out>
  </testcase>
  <testcase name="testFindBestWindow" classname="com.demo.UnitTests" time="0.0">
    <system-out><![CDATA[Initializing test API repository
Execution : getIntervalOfEnergyMix
URL:null
unknown protocol: null2026-02-20t10
]]></system-out>
  </testcase>
  <testcase name="testEndpiont1" classname="com.demo.UnitTests" time="0.0">
    <system-out><![CDATA[Initializing test API repository
Execution : getIntervalOfEnergyMix
URL:null
[Ljava.lang.StackTraceElement;@654d8173
]]></system-out>
  </testcase>
  <testcase name="testEndpoint2" classname="com.demo.UnitTests" time="0.012">
    <error message="Cannot invoke &quot;com.demo.dao.V2.DownloadData.data()&quot; because &quot;input&quot; is null" type="java.lang.NullPointerException"><![CDATA[java.lang.NullPointerException: Cannot invoke "com.demo.dao.V2.DownloadData.data()" because "input" is null
	at com.demo.api.ApiRepositoryV2.ApiImpl.generateSumArray(ApiImpl.java:187)
	at com.demo.api.ApiRepositoryV2.ApiImpl.calculateOptimalLoadingWindow(ApiImpl.java:169)
	at com.demo.UnitTests.testEndpoint2(UnitTests.java:261)
]]></error>
    <system-out><![CDATA[Initializing test API repository
Execution : getIntervalOfEnergyMix
URL:null
[Ljava.lang.StackTraceElement;@5b057c8c
]]></system-out>
  </testcase>
  <testcase name="testGenerateSumArray" classname="com.demo.UnitTests" time="0.0">
    <system-out><![CDATA[Initializing test API repository
Execution : getIntervalOfEnergyMix
URL:null
unknown protocol: null2026-02-20t10
]]></system-out>
  </testcase>
  <testcase name="testGetCarboniteData" classname="com.demo.UnitTests" time="0.0">
    <system-out><![CDATA[Initializing test API repository
Execution : getIntervalOfEnergyMix
URL:null
unknown protocol: null2026-02-20t10
]]></system-out>
  </testcase>
  <testcase name="testGroupIntervalsByDate" classname="com.demo.UnitTests" time="0.0">
    <system-out><![CDATA[Initializing test API repository
Execution : getIntervalOfEnergyMix
URL:null
unknown protocol: null2026-02-20t10
]]></system-out>
  </testcase>
  <testcase name="testApiBeanGenerating" classname="com.demo.UnitTests" time="0.3">
    <system-out><![CDATA[Initializing test API repository
]]></system-out>
  </testcase>
</testsuite>